\BOOKMARK [1][-]{section.1}{\376\377\000H\000o\000m\000e\000p\000a\000g\000e\000\040\000A\000n\000a\000l\000y\000s\000i\000s\000\040\000\050\000y\000u\000.\000e\000d\000u\000\051}{}% 1
\BOOKMARK [2][-]{subsection.1.1}{\376\377\000D\000e\000s\000i\000g\000n\000\040\000\046\000\040\000V\000i\000s\000u\000a\000l\000\040\000I\000d\000e\000n\000t\000i\000t\000y}{section.1}% 2
\BOOKMARK [3][-]{subsubsection.1.1.1}{\376\377\000C\000o\000l\000o\000r\000\040\000P\000a\000l\000e\000t\000t\000e\000\040\000\046\000\040\000B\000r\000a\000n\000d\000i\000n\000g}{subsection.1.1}% 3
\BOOKMARK [3][-]{subsubsection.1.1.2}{\376\377\000T\000y\000p\000o\000g\000r\000a\000p\000h\000y\000\040\000\046\000\040\000L\000a\000y\000o\000u\000t}{subsection.1.1}% 4
\BOOKMARK [2][-]{subsection.1.2}{\376\377\000M\000e\000s\000s\000a\000g\000i\000n\000g\000\040\000H\000i\000e\000r\000a\000r\000c\000h\000y}{section.1}% 5
\BOOKMARK [3][-]{subsubsection.1.2.1}{\376\377\000P\000r\000i\000m\000a\000r\000y\000\040\000M\000e\000s\000s\000a\000g\000i\000n\000g}{subsection.1.2}% 6
\BOOKMARK [3][-]{subsubsection.1.2.2}{\376\377\000C\000o\000r\000e\000\040\000V\000a\000l\000u\000e\000s\000\040\000I\000n\000t\000e\000g\000r\000a\000t\000i\000o\000n}{subsection.1.2}% 7
\BOOKMARK [2][-]{subsection.1.3}{\376\377\000C\000a\000l\000l\000-\000t\000o\000-\000A\000c\000t\000i\000o\000n\000\040\000S\000t\000r\000a\000t\000e\000g\000y}{section.1}% 8
\BOOKMARK [3][-]{subsubsection.1.3.1}{\376\377\000P\000r\000i\000m\000a\000r\000y\000\040\000C\000T\000A\000s}{subsection.1.3}% 9
\BOOKMARK [3][-]{subsubsection.1.3.2}{\376\377\000S\000e\000c\000o\000n\000d\000a\000r\000y\000\040\000C\000T\000A\000s}{subsection.1.3}% 10
\BOOKMARK [3][-]{subsubsection.1.3.3}{\376\377\000C\000T\000A\000\040\000A\000n\000a\000l\000y\000s\000i\000s}{subsection.1.3}% 11
\BOOKMARK [2][-]{subsection.1.4}{\376\377\000T\000o\000n\000e\000\040\000\046\000\040\000V\000o\000i\000c\000e}{section.1}% 12
\BOOKMARK [1][-]{section.2}{\376\377\000A\000d\000m\000i\000s\000s\000i\000o\000n\000s\000\040\000P\000a\000g\000e\000\040\000A\000n\000a\000l\000y\000s\000i\000s\000\040\000\050\000y\000u\000.\000e\000d\000u\000/\000a\000d\000m\000i\000s\000s\000i\000o\000n\000s\000\051}{}% 13
\BOOKMARK [2][-]{subsection.2.1}{\376\377\000M\000e\000s\000s\000a\000g\000i\000n\000g\000\040\000C\000l\000a\000r\000i\000t\000y\000\040\000A\000s\000s\000e\000s\000s\000m\000e\000n\000t}{section.2}% 14
\BOOKMARK [3][-]{subsubsection.2.1.1}{\376\377\000C\000r\000i\000t\000i\000c\000a\000l\000\040\000I\000s\000s\000u\000e\000:\000\040\000I\000n\000c\000o\000m\000p\000l\000e\000t\000e\000\040\000H\000e\000a\000d\000l\000i\000n\000e}{subsection.2.1}% 15
\BOOKMARK [2][-]{subsection.2.2}{\376\377\000V\000i\000s\000u\000a\000l\000\040\000D\000e\000s\000i\000g\000n}{section.2}% 16
\BOOKMARK [3][-]{subsubsection.2.2.1}{\376\377\000L\000a\000y\000o\000u\000t\000\040\000\046\000\040\000S\000t\000r\000u\000c\000t\000u\000r\000e}{subsection.2.2}% 17
\BOOKMARK [3][-]{subsubsection.2.2.2}{\376\377\000N\000a\000v\000i\000g\000a\000t\000i\000o\000n\000\040\000O\000r\000g\000a\000n\000i\000z\000a\000t\000i\000o\000n}{subsection.2.2}% 18
\BOOKMARK [2][-]{subsection.2.3}{\376\377\000T\000o\000n\000e\000\040\000\046\000\040\000V\000o\000i\000c\000e}{section.2}% 19
\BOOKMARK [2][-]{subsection.2.4}{\376\377\000C\000a\000l\000l\000s\000-\000t\000o\000-\000A\000c\000t\000i\000o\000n}{section.2}% 20
\BOOKMARK [2][-]{subsection.2.5}{\376\377\000B\000r\000a\000n\000d\000i\000n\000g\000\040\000C\000o\000n\000s\000i\000s\000t\000e\000n\000c\000y}{section.2}% 21
\BOOKMARK [2][-]{subsection.2.6}{\376\377\000P\000o\000s\000i\000t\000i\000o\000n\000i\000n\000g\000\040\000t\000o\000\040\000P\000r\000o\000s\000p\000e\000c\000t\000i\000v\000e\000\040\000S\000t\000u\000d\000e\000n\000t\000s}{section.2}% 22
\BOOKMARK [1][-]{section.3}{\376\377\000D\000o\000n\000a\000t\000i\000o\000n\000s\000/\000G\000i\000v\000i\000n\000g\000\040\000P\000a\000g\000e\000\040\000A\000n\000a\000l\000y\000s\000i\000s}{}% 23
\BOOKMARK [2][-]{subsection.3.1}{\376\377\000T\000e\000c\000h\000n\000i\000c\000a\000l\000\040\000I\000n\000f\000r\000a\000s\000t\000r\000u\000c\000t\000u\000r\000e}{section.3}% 24
\BOOKMARK [2][-]{subsection.3.2}{\376\377\000B\000r\000a\000n\000d\000\040\000C\000o\000n\000t\000i\000n\000u\000i\000t\000y\000\040\000I\000m\000p\000l\000i\000c\000a\000t\000i\000o\000n\000s}{section.3}% 25
\BOOKMARK [2][-]{subsection.3.3}{\376\377\000"\000R\000i\000s\000e\000\040\000U\000p\000:\000\040\000T\000h\000e\000\040\000C\000a\000m\000p\000a\000i\000g\000n\000\040\000f\000o\000r\000\040\0006\0001\0003\000"}{section.3}% 26
\BOOKMARK [2][-]{subsection.3.4}{\376\377\000R\000e\000c\000o\000m\000m\000e\000n\000d\000a\000t\000i\000o\000n\000s\000\040\000f\000o\000r\000\040\000G\000i\000v\000i\000n\000g\000\040\000E\000x\000p\000e\000r\000i\000e\000n\000c\000e}{section.3}% 27
\BOOKMARK [1][-]{section.4}{\376\377\000C\000o\000m\000p\000e\000t\000i\000t\000i\000v\000e\000\040\000W\000e\000b\000s\000i\000t\000e\000\040\000A\000n\000a\000l\000y\000s\000i\000s}{}% 28
\BOOKMARK [2][-]{subsection.4.1}{\376\377\000B\000r\000a\000n\000d\000e\000i\000s\000\040\000U\000n\000i\000v\000e\000r\000s\000i\000t\000y\000\040\000\050\000b\000r\000a\000n\000d\000e\000i\000s\000.\000e\000d\000u\000\051}{section.4}% 29
\BOOKMARK [3][-]{subsubsection.4.1.1}{\376\377\000H\000o\000m\000e\000p\000a\000g\000e\000\040\000D\000e\000s\000i\000g\000n\000\040\000\046\000\040\000V\000i\000s\000u\000a\000l\000\040\000I\000d\000e\000n\000t\000i\000t\000y}{subsection.4.1}% 30
\BOOKMARK [3][-]{subsubsection.4.1.2}{\376\377\000B\000r\000a\000n\000d\000i\000n\000g\000\040\000\046\000\040\000M\000e\000s\000s\000a\000g\000i\000n\000g}{subsection.4.1}% 31
\BOOKMARK [3][-]{subsubsection.4.1.3}{\376\377\000C\000a\000l\000l\000-\000t\000o\000-\000A\000c\000t\000i\000o\000n\000\040\000S\000t\000r\000a\000t\000e\000g\000y}{subsection.4.1}% 32
\BOOKMARK [3][-]{subsubsection.4.1.4}{\376\377\000T\000o\000n\000e\000\040\000\046\000\040\000V\000o\000i\000c\000e}{subsection.4.1}% 33
\BOOKMARK [3][-]{subsubsection.4.1.5}{\376\377\000J\000e\000w\000i\000s\000h\000\040\000I\000d\000e\000n\000t\000i\000t\000y\000\040\000P\000o\000s\000i\000t\000i\000o\000n\000i\000n\000g}{subsection.4.1}% 34
\BOOKMARK [2][-]{subsection.4.2}{\376\377\000C\000o\000m\000p\000e\000t\000i\000t\000i\000v\000e\000\040\000P\000o\000s\000i\000t\000i\000o\000n\000i\000n\000g\000\040\000A\000n\000a\000l\000y\000s\000i\000s}{section.4}% 35
\BOOKMARK [1][-]{section.5}{\376\377\000K\000e\000y\000\040\000P\000a\000g\000e\000s\000\040\000A\000n\000a\000l\000y\000s\000i\000s\000\040\000S\000u\000m\000m\000a\000r\000y}{}% 36
\BOOKMARK [2][-]{subsection.5.1}{\376\377\000H\000o\000m\000e\000p\000a\000g\000e\000\040\000E\000f\000f\000e\000c\000t\000i\000v\000e\000n\000e\000s\000s}{section.5}% 37
\BOOKMARK [2][-]{subsection.5.2}{\376\377\000A\000d\000m\000i\000s\000s\000i\000o\000n\000s\000\040\000P\000a\000g\000e\000\040\000E\000f\000f\000e\000c\000t\000i\000v\000e\000n\000e\000s\000s}{section.5}% 38
\BOOKMARK [1][-]{section.6}{\376\377\000R\000e\000c\000o\000m\000m\000e\000n\000d\000a\000t\000i\000o\000n\000s}{}% 39
\BOOKMARK [2][-]{subsection.6.1}{\376\377\000I\000m\000m\000e\000d\000i\000a\000t\000e\000\040\000F\000i\000x\000e\000s\000\040\000\050\000W\000e\000e\000k\000\040\0001\000\051}{section.6}% 40
\BOOKMARK [2][-]{subsection.6.2}{\376\377\000S\000h\000o\000r\000t\000-\000T\000e\000r\000m\000\040\000I\000m\000p\000r\000o\000v\000e\000m\000e\000n\000t\000s\000\040\000\050\0001\000-\0003\000\040\000m\000o\000n\000t\000h\000s\000\051}{section.6}% 41
\BOOKMARK [2][-]{subsection.6.3}{\376\377\000S\000t\000r\000a\000t\000e\000g\000i\000c\000\040\000I\000n\000i\000t\000i\000a\000t\000i\000v\000e\000s\000\040\000\050\0003\000-\0006\000\040\000m\000o\000n\000t\000h\000s\000\051}{section.6}% 42
\BOOKMARK [2][-]{subsection.6.4}{\376\377\000L\000o\000n\000g\000-\000T\000e\000r\000m\000\040\000V\000i\000s\000i\000o\000n\000\040\000\050\0006\000-\0001\0002\000\040\000m\000o\000n\000t\000h\000s\000\051}{section.6}% 43
\BOOKMARK [1][-]{section.7}{\376\377\000C\000o\000n\000c\000l\000u\000s\000i\000o\000n}{}% 44
