\BOOKMARK [1][-]{section.1}{\376\377\000E\000m\000a\000i\000l\000\040\000M\000a\000r\000k\000e\000t\000i\000n\000g\000\040\000L\000a\000n\000d\000s\000c\000a\000p\000e\000\040\000-\000\040\000Y\000e\000s\000h\000i\000v\000a\000\040\000U\000n\000i\000v\000e\000r\000s\000i\000t\000y}{}% 1
\BOOKMARK [2][-]{subsection.1.1}{\376\377\000N\000e\000w\000s\000l\000e\000t\000t\000e\000r\000\040\000P\000o\000r\000t\000f\000o\000l\000i\000o}{section.1}% 2
\BOOKMARK [3][-]{subsubsection.1.1.1}{\376\377\000A\000l\000u\000m\000n\000i\000\040\000A\000f\000f\000a\000i\000r\000s\000\040\000N\000e\000w\000s\000l\000e\000t\000t\000e\000r}{subsection.1.1}% 3
\BOOKMARK [3][-]{subsubsection.1.1.2}{\376\377\000T\000h\000e\000\040\000V\000i\000e\000w\000\040\000f\000r\000o\000m\000\040\000Y\000U}{subsection.1.1}% 4
\BOOKMARK [3][-]{subsubsection.1.1.3}{\376\377\000S\000c\000h\000o\000o\000l\000-\000S\000p\000e\000c\000i\000f\000i\000c\000\040\000N\000e\000w\000s\000l\000e\000t\000t\000e\000r\000s}{subsection.1.1}% 5
\BOOKMARK [3][-]{subsubsection.1.1.4}{\376\377\000D\000o\000n\000o\000r\000\040\000C\000o\000m\000m\000u\000n\000i\000c\000a\000t\000i\000o\000n\000s}{subsection.1.1}% 6
\BOOKMARK [2][-]{subsection.1.2}{\376\377\000E\000m\000a\000i\000l\000\040\000M\000a\000r\000k\000e\000t\000i\000n\000g\000\040\000I\000n\000f\000r\000a\000s\000t\000r\000u\000c\000t\000u\000r\000e}{section.1}% 7
\BOOKMARK [1][-]{section.2}{\376\377\000C\000o\000m\000p\000e\000t\000i\000t\000i\000v\000e\000\040\000E\000m\000a\000i\000l\000\040\000M\000a\000r\000k\000e\000t\000i\000n\000g\000\040\000A\000n\000a\000l\000y\000s\000i\000s}{}% 8
\BOOKMARK [2][-]{subsection.2.1}{\376\377\000B\000r\000a\000n\000d\000e\000i\000s\000\040\000U\000n\000i\000v\000e\000r\000s\000i\000t\000y}{section.2}% 9
\BOOKMARK [3][-]{subsubsection.2.1.1}{\376\377\000N\000e\000w\000s\000l\000e\000t\000t\000e\000r\000\040\000S\000t\000r\000u\000c\000t\000u\000r\000e}{subsection.2.1}% 10
\BOOKMARK [3][-]{subsubsection.2.1.2}{\376\377\000S\000t\000r\000a\000t\000e\000g\000i\000c\000\040\000O\000b\000s\000e\000r\000v\000a\000t\000i\000o\000n\000s}{subsection.2.1}% 11
\BOOKMARK [2][-]{subsection.2.2}{\376\377\000T\000o\000u\000r\000o\000\040\000U\000n\000i\000v\000e\000r\000s\000i\000t\000y}{section.2}% 12
\BOOKMARK [3][-]{subsubsection.2.2.1}{\376\377\000N\000e\000w\000s\000l\000e\000t\000t\000e\000r\000\040\000S\000t\000r\000u\000c\000t\000u\000r\000e}{subsection.2.2}% 13
\BOOKMARK [3][-]{subsubsection.2.2.2}{\376\377\000S\000t\000r\000a\000t\000e\000g\000i\000c\000\040\000O\000b\000s\000e\000r\000v\000a\000t\000i\000o\000n\000s}{subsection.2.2}% 14
\BOOKMARK [1][-]{section.3}{\376\377\000E\000m\000a\000i\000l\000\040\000D\000e\000s\000i\000g\000n\000\040\000a\000n\000d\000\040\000B\000r\000a\000n\000d\000\040\000C\000o\000n\000s\000i\000s\000t\000e\000n\000c\000y}{}% 15
\BOOKMARK [2][-]{subsection.3.1}{\376\377\000B\000r\000a\000n\000d\000\040\000E\000l\000e\000m\000e\000n\000t\000\040\000A\000s\000s\000e\000s\000s\000m\000e\000n\000t}{section.3}% 16
\BOOKMARK [1][-]{section.4}{\376\377\000E\000m\000a\000i\000l\000\040\000M\000a\000r\000k\000e\000t\000i\000n\000g\000\040\000P\000e\000r\000f\000o\000r\000m\000a\000n\000c\000e\000\040\000I\000n\000d\000i\000c\000a\000t\000o\000r\000s}{}% 17
\BOOKMARK [2][-]{subsection.4.1}{\376\377\000C\000u\000r\000r\000e\000n\000t\000\040\000M\000e\000t\000r\000i\000c\000s\000\040\000A\000v\000a\000i\000l\000a\000b\000l\000e}{section.4}% 18
\BOOKMARK [1][-]{section.5}{\376\377\000R\000e\000c\000o\000m\000m\000e\000n\000d\000a\000t\000i\000o\000n\000s}{}% 19
\BOOKMARK [2][-]{subsection.5.1}{\376\377\000S\000h\000o\000r\000t\000-\000T\000e\000r\000m\000\040\000I\000m\000p\000r\000o\000v\000e\000m\000e\000n\000t\000s\000\040\000\050\0000\000-\0003\000\040\000m\000o\000n\000t\000h\000s\000\051}{section.5}% 20
\BOOKMARK [2][-]{subsection.5.2}{\376\377\000M\000e\000d\000i\000u\000m\000-\000T\000e\000r\000m\000\040\000S\000t\000r\000a\000t\000e\000g\000y\000\040\000\050\0003\000-\0006\000\040\000m\000o\000n\000t\000h\000s\000\051}{section.5}% 21
\BOOKMARK [2][-]{subsection.5.3}{\376\377\000L\000o\000n\000g\000-\000T\000e\000r\000m\000\040\000V\000i\000s\000i\000o\000n\000\040\000\050\0006\000-\0001\0002\000\040\000m\000o\000n\000t\000h\000s\000\051}{section.5}% 22
\BOOKMARK [1][-]{section.6}{\376\377\000C\000o\000n\000c\000l\000u\000s\000i\000o\000n}{}% 23
