This is pdfTeX, Version 3.141592653-2.6-1.40.25 (MiKTeX 24.1) (preloaded format=pdflatex 2025.10.8)  15 OCT 2025 14:50
entering extended mode
 restricted \write18 enabled.
 %&-line parsing enabled.
**./data_metrics.tex
(data_metrics.tex
LaTeX2e <2023-11-01> patch level 1
L3 programming layer <2024-01-04>
(C:\Users\Angel daniel\AppData\Local\Programs\MiKTeX\tex/latex/base\report.cls
Document Class: report 2023/05/17 v1.4n Standard LaTeX document class
(C:\Users\Angel daniel\AppData\Local\Programs\MiKTeX\tex/latex/base\size12.clo
File: size12.clo 2023/05/17 v1.4n Standard LaTeX file (size option)
)
\c@part=\count187
\c@chapter=\count188
\c@section=\count189
\c@subsection=\count190
\c@subsubsection=\count191
\c@paragraph=\count192
\c@subparagraph=\count193
\c@figure=\count194
\c@table=\count195
\abovecaptionskip=\skip48
\belowcaptionskip=\skip49
\bibindent=\dimen140
)
(C:\Users\Angel daniel\AppData\Local\Programs\MiKTeX\tex/latex/base\inputenc.st
y
Package: inputenc 2021/02/14 v1.3d Input encoding file
\inpenc@prehook=\toks17
\inpenc@posthook=\toks18
)
(C:\Users\Angel daniel\AppData\Local\Programs\MiKTeX\tex/generic/babel\babel.st
y
Package: babel 2024/01/07 v24.1 The Babel package
\babel@savecnt=\count196
\U@D=\dimen141
\l@unhyphenated=\language79

(C:\Users\Angel daniel\AppData\Local\Programs\MiKTeX\tex/generic/babel\txtbabel
.def)
\bbl@readstream=\read2
\bbl@dirlevel=\count197

*************************************
* Local config file bblopts.cfg used
*

(C:\Users\Angel daniel\AppData\Local\Programs\MiKTeX\tex/latex/arabi\bblopts.cf
g
File: bblopts.cfg 2005/09/08 v0.1 add Arabic and Farsi to "declared" options of
 babel
)
(C:\Users\Angel daniel\AppData\Local\Programs\MiKTeX\tex/latex/babel-english\en
glish.ldf
Language: english 2017/06/06 v3.3r English support from the babel system
Package babel Info: Hyphen rules for 'canadian' set to \l@english
(babel)             (\language0). Reported on input line 102.
Package babel Info: Hyphen rules for 'australian' set to \l@ukenglish
(babel)             (\language73). Reported on input line 105.
Package babel Info: Hyphen rules for 'newzealand' set to \l@ukenglish
(babel)             (\language73). Reported on input line 108.
))
(C:\Users\Angel daniel\AppData\Local\Programs\MiKTeX\tex/generic/babel/locale/e
n\babel-english.tex
Package babel Info: Importing font and identification data for english
(babel)             from babel-en.ini. Reported on input line 11.
)
(C:\Users\Angel daniel\AppData\Local\Programs\MiKTeX\tex/latex/graphics\graphic
x.sty
Package: graphicx 2021/09/16 v1.2d Enhanced LaTeX Graphics (DPC,SPQR)

(C:\Users\Angel daniel\AppData\Local\Programs\MiKTeX\tex/latex/graphics\keyval.
sty
Package: keyval 2022/05/29 v1.15 key=value parser (DPC)
\KV@toks@=\toks19
)
(C:\Users\Angel daniel\AppData\Local\Programs\MiKTeX\tex/latex/graphics\graphic
s.sty
Package: graphics 2022/03/10 v1.4e Standard LaTeX Graphics (DPC,SPQR)

(C:\Users\Angel daniel\AppData\Local\Programs\MiKTeX\tex/latex/graphics\trig.st
y
Package: trig 2021/08/11 v1.11 sin cos tan (DPC)
)
(C:\Users\Angel daniel\AppData\Local\Programs\MiKTeX\tex/latex/graphics-cfg\gra
phics.cfg
File: graphics.cfg 2016/06/04 v1.11 sample graphics configuration
)
Package graphics Info: Driver file: pdftex.def on input line 107.

(C:\Users\Angel daniel\AppData\Local\Programs\MiKTeX\tex/latex/graphics-def\pdf
tex.def
File: pdftex.def 2022/09/22 v1.2b Graphics/color driver for pdftex
))
\Gin@req@height=\dimen142
\Gin@req@width=\dimen143
)
(C:\Users\Angel daniel\AppData\Local\Programs\MiKTeX\tex/latex/hyperref\hyperre
f.sty
Package: hyperref 2023-11-26 v7.01g Hypertext links for LaTeX

(C:\Users\Angel daniel\AppData\Local\Programs\MiKTeX\tex/generic/iftex\iftex.st
y
Package: iftex 2022/02/03 v1.0f TeX engine tests
)
(C:\Users\Angel daniel\AppData\Local\Programs\MiKTeX\tex/generic/infwarerr\infw
arerr.sty
Package: infwarerr 2019/12/03 v1.5 Providing info/warning/error messages (HO)
)
(C:\Users\Angel daniel\AppData\Local\Programs\MiKTeX\tex/latex/kvsetkeys\kvsetk
eys.sty
Package: kvsetkeys 2022-10-05 v1.19 Key value parser (HO)
)
(C:\Users\Angel daniel\AppData\Local\Programs\MiKTeX\tex/generic/kvdefinekeys\k
vdefinekeys.sty
Package: kvdefinekeys 2019-12-19 v1.6 Define keys (HO)
)
(C:\Users\Angel daniel\AppData\Local\Programs\MiKTeX\tex/generic/pdfescape\pdfe
scape.sty
Package: pdfescape 2019/12/09 v1.15 Implements pdfTeX's escape features (HO)

(C:\Users\Angel daniel\AppData\Local\Programs\MiKTeX\tex/generic/ltxcmds\ltxcmd
s.sty
Package: ltxcmds 2023-12-04 v1.26 LaTeX kernel commands for general use (HO)
)
(C:\Users\Angel daniel\AppData\Local\Programs\MiKTeX\tex/generic/pdftexcmds\pdf
texcmds.sty
Package: pdftexcmds 2020-06-27 v0.33 Utility functions of pdfTeX for LuaTeX (HO
)
Package pdftexcmds Info: \pdf@primitive is available.
Package pdftexcmds Info: \pdf@ifprimitive is available.
Package pdftexcmds Info: \pdfdraftmode found.
))
(C:\Users\Angel daniel\AppData\Local\Programs\MiKTeX\tex/latex/hycolor\hycolor.
sty
Package: hycolor 2020-01-27 v1.10 Color options for hyperref/bookmark (HO)
)
(C:\Users\Angel daniel\AppData\Local\Programs\MiKTeX\tex/latex/letltxmacro\letl
txmacro.sty
Package: letltxmacro 2019/12/03 v1.6 Let assignment for LaTeX macros (HO)
)
(C:\Users\Angel daniel\AppData\Local\Programs\MiKTeX\tex/latex/auxhook\auxhook.
sty
Package: auxhook 2019-12-17 v1.6 Hooks for auxiliary files (HO)
)
(C:\Users\Angel daniel\AppData\Local\Programs\MiKTeX\tex/latex/hyperref\nameref
.sty
Package: nameref 2023-11-26 v2.56 Cross-referencing by name of section

(C:\Users\Angel daniel\AppData\Local\Programs\MiKTeX\tex/latex/refcount\refcoun
t.sty
Package: refcount 2019/12/15 v3.6 Data extraction from label references (HO)
)
(C:\Users\Angel daniel\AppData\Local\Programs\MiKTeX\tex/generic/gettitlestring
\gettitlestring.sty
Package: gettitlestring 2019/12/15 v1.6 Cleanup title references (HO)

(C:\Users\Angel daniel\AppData\Local\Programs\MiKTeX\tex/latex/kvoptions\kvopti
ons.sty
Package: kvoptions 2022-06-15 v3.15 Key value format for package options (HO)
))
\c@section@level=\count198
)
(C:\Users\Angel daniel\AppData\Local\Programs\MiKTeX\tex/latex/etoolbox\etoolbo
x.sty
Package: etoolbox 2020/10/05 v2.5k e-TeX tools for LaTeX (JAW)
\etb@tempcnta=\count199
)
\@linkdim=\dimen144
\Hy@linkcounter=\count266
\Hy@pagecounter=\count267

(C:\Users\Angel daniel\AppData\Local\Programs\MiKTeX\tex/latex/hyperref\pd1enc.
def
File: pd1enc.def 2023-11-26 v7.01g Hyperref: PDFDocEncoding definition (HO)
Now handling font encoding PD1 ...
... no UTF-8 mapping file for font encoding PD1
)
(C:\Users\Angel daniel\AppData\Local\Programs\MiKTeX\tex/generic/intcalc\intcal
c.sty
Package: intcalc 2019/12/15 v1.3 Expandable calculations with integers (HO)
)
\Hy@SavedSpaceFactor=\count268

(C:\Users\Angel daniel\AppData\Local\Programs\MiKTeX\tex/latex/hyperref\puenc.d
ef
File: puenc.def 2023-11-26 v7.01g Hyperref: PDF Unicode definition (HO)
Now handling font encoding PU ...
... no UTF-8 mapping file for font encoding PU
)
Package hyperref Info: Hyper figures OFF on input line 4181.
Package hyperref Info: Link nesting OFF on input line 4186.
Package hyperref Info: Hyper index ON on input line 4189.
Package hyperref Info: Plain pages OFF on input line 4196.
Package hyperref Info: Backreferencing OFF on input line 4201.
Package hyperref Info: Implicit mode ON; LaTeX internals redefined.
Package hyperref Info: Bookmarks ON on input line 4448.
\c@Hy@tempcnt=\count269
 (C:\Users\Angel daniel\AppData\Local\Programs\MiKTeX\tex/latex/url\url.sty
\Urlmuskip=\muskip16
Package: url 2013/09/16  ver 3.4  Verb mode for urls, etc.
)
LaTeX Info: Redefining \url on input line 4786.
\XeTeXLinkMargin=\dimen145

(C:\Users\Angel daniel\AppData\Local\Programs\MiKTeX\tex/generic/bitset\bitset.
sty
Package: bitset 2019/12/09 v1.3 Handle bit-vector datatype (HO)

(C:\Users\Angel daniel\AppData\Local\Programs\MiKTeX\tex/generic/bigintcalc\big
intcalc.sty
Package: bigintcalc 2019/12/15 v1.5 Expandable calculations on big integers (HO
)
))
\Fld@menulength=\count270
\Field@Width=\dimen146
\Fld@charsize=\dimen147
Package hyperref Info: Hyper figures OFF on input line 6065.
Package hyperref Info: Link nesting OFF on input line 6070.
Package hyperref Info: Hyper index ON on input line 6073.
Package hyperref Info: backreferencing OFF on input line 6080.
Package hyperref Info: Link coloring OFF on input line 6085.
Package hyperref Info: Link coloring with OCG OFF on input line 6090.
Package hyperref Info: PDF/A mode OFF on input line 6095.

(C:\Users\Angel daniel\AppData\Local\Programs\MiKTeX\tex/latex/base\atbegshi-lt
x.sty
Package: atbegshi-ltx 2021/01/10 v1.0c Emulation of the original atbegshi
package with kernel methods
)
\Hy@abspage=\count271
\c@Item=\count272
\c@Hfootnote=\count273
)
Package hyperref Info: Driver (autodetected): hpdftex.

(C:\Users\Angel daniel\AppData\Local\Programs\MiKTeX\tex/latex/hyperref\hpdftex
.def
File: hpdftex.def 2023-11-26 v7.01g Hyperref driver for pdfTeX

(C:\Users\Angel daniel\AppData\Local\Programs\MiKTeX\tex/latex/base\atveryend-l
tx.sty
Package: atveryend-ltx 2020/08/19 v1.0a Emulation of the original atveryend pac
kage
with kernel methods
)
\Fld@listcount=\count274
\c@bookmark@seq@number=\count275

(C:\Users\Angel daniel\AppData\Local\Programs\MiKTeX\tex/latex/rerunfilecheck\r
erunfilecheck.sty
Package: rerunfilecheck 2025-06-21 v1.11 Rerun checks for auxiliary files (HO)

(C:\Users\Angel daniel\AppData\Local\Programs\MiKTeX\tex/generic/uniquecounter\
uniquecounter.sty
Package: uniquecounter 2019/12/15 v1.4 Provide unlimited unique counter (HO)
)
Package uniquecounter Info: New unique counter `rerunfilecheck' on input line 2
84.
)
\Hy@SectionHShift=\skip50
)
(C:\Users\Angel daniel\AppData\Local\Programs\MiKTeX\tex/latex/amsmath\amsmath.
sty
Package: amsmath 2023/05/13 v2.17o AMS math features
\@mathmargin=\skip51

For additional information on amsmath, use the `?' option.

(C:\Users\Angel daniel\AppData\Local\Programs\MiKTeX\tex/latex/amsmath\amstext.
sty
Package: amstext 2021/08/26 v2.01 AMS text

(C:\Users\Angel daniel\AppData\Local\Programs\MiKTeX\tex/latex/amsmath\amsgen.s
ty
File: amsgen.sty 1999/11/30 v2.0 generic functions
\@emptytoks=\toks20
\ex@=\dimen148
))
(C:\Users\Angel daniel\AppData\Local\Programs\MiKTeX\tex/latex/amsmath\amsbsy.s
ty
Package: amsbsy 1999/11/29 v1.2d Bold Symbols
\pmbraise@=\dimen149
)
(C:\Users\Angel daniel\AppData\Local\Programs\MiKTeX\tex/latex/amsmath\amsopn.s
ty
Package: amsopn 2022/04/08 v2.04 operator names
)
\inf@bad=\count276
LaTeX Info: Redefining \frac on input line 234.
\uproot@=\count277
\leftroot@=\count278
LaTeX Info: Redefining \overline on input line 399.
LaTeX Info: Redefining \colon on input line 410.
\classnum@=\count279
\DOTSCASE@=\count280
LaTeX Info: Redefining \ldots on input line 496.
LaTeX Info: Redefining \dots on input line 499.
LaTeX Info: Redefining \cdots on input line 620.
\Mathstrutbox@=\box51
\strutbox@=\box52
LaTeX Info: Redefining \big on input line 722.
LaTeX Info: Redefining \Big on input line 723.
LaTeX Info: Redefining \bigg on input line 724.
LaTeX Info: Redefining \Bigg on input line 725.
\big@size=\dimen150
LaTeX Font Info:    Redeclaring font encoding OML on input line 743.
LaTeX Font Info:    Redeclaring font encoding OMS on input line 744.
\macc@depth=\count281
LaTeX Info: Redefining \bmod on input line 905.
LaTeX Info: Redefining \pmod on input line 910.
LaTeX Info: Redefining \smash on input line 940.
LaTeX Info: Redefining \relbar on input line 970.
LaTeX Info: Redefining \Relbar on input line 971.
\c@MaxMatrixCols=\count282
\dotsspace@=\muskip17
\c@parentequation=\count283
\dspbrk@lvl=\count284
\tag@help=\toks21
\row@=\count285
\column@=\count286
\maxfields@=\count287
\andhelp@=\toks22
\eqnshift@=\dimen151
\alignsep@=\dimen152
\tagshift@=\dimen153
\tagwidth@=\dimen154
\totwidth@=\dimen155
\lineht@=\dimen156
\@envbody=\toks23
\multlinegap=\skip52
\multlinetaggap=\skip53
\mathdisplay@stack=\toks24
LaTeX Info: Redefining \[ on input line 2953.
LaTeX Info: Redefining \] on input line 2954.
)
(C:\Users\Angel daniel\AppData\Local\Programs\MiKTeX\tex/latex/geometry\geometr
y.sty
Package: geometry 2020/01/02 v5.9 Page Geometry

(C:\Users\Angel daniel\AppData\Local\Programs\MiKTeX\tex/generic/iftex\ifvtex.s
ty
Package: ifvtex 2019/10/25 v1.7 ifvtex legacy package. Use iftex instead.
)
\Gm@cnth=\count288
\Gm@cntv=\count289
\c@Gm@tempcnt=\count290
\Gm@bindingoffset=\dimen157
\Gm@wd@mp=\dimen158
\Gm@odd@mp=\dimen159
\Gm@even@mp=\dimen160
\Gm@layoutwidth=\dimen161
\Gm@layoutheight=\dimen162
\Gm@layouthoffset=\dimen163
\Gm@layoutvoffset=\dimen164
\Gm@dimlist=\toks25

(C:\Users\Angel daniel\AppData\Local\Programs\MiKTeX\tex/latex/geometry\geometr
y.cfg))
(C:\Users\Angel daniel\AppData\Local\Programs\MiKTeX\tex/latex/booktabs\booktab
s.sty
Package: booktabs 2020/01/12 v1.61803398 Publication quality tables
\heavyrulewidth=\dimen165
\lightrulewidth=\dimen166
\cmidrulewidth=\dimen167
\belowrulesep=\dimen168
\belowbottomsep=\dimen169
\aboverulesep=\dimen170
\abovetopsep=\dimen171
\cmidrulesep=\dimen172
\cmidrulekern=\dimen173
\defaultaddspace=\dimen174
\@cmidla=\count291
\@cmidlb=\count292
\@aboverulesep=\dimen175
\@belowrulesep=\dimen176
\@thisruleclass=\count293
\@lastruleclass=\count294
\@thisrulewidth=\dimen177
)
(C:\Users\Angel daniel\AppData\Local\Programs\MiKTeX\tex/latex/multirow\multiro
w.sty
Package: multirow 2024/11/12 v2.9 Span multiple rows of a table
\multirow@colwidth=\skip54
\multirow@cntb=\count295
\multirow@dima=\skip55
\bigstrutjot=\dimen178
)
(C:\Users\Angel daniel\AppData\Local\Programs\MiKTeX\tex/latex/tools\array.sty
Package: array 2023/10/16 v2.5g Tabular extension package (FMi)
\col@sep=\dimen179
\ar@mcellbox=\box53
\extrarowheight=\dimen180
\NC@list=\toks26
\extratabsurround=\skip56
\backup@length=\skip57
\ar@cellbox=\box54
)
(C:\Users\Angel daniel\AppData\Local\Programs\MiKTeX\tex/latex/tools\tabularx.s
ty
Package: tabularx 2023/07/08 v2.11c `tabularx' package (DPC)
\TX@col@width=\dimen181
\TX@old@table=\dimen182
\TX@old@col=\dimen183
\TX@target=\dimen184
\TX@delta=\dimen185
\TX@cols=\count296
\TX@ftn=\toks27
)
(C:\Users\Angel daniel\AppData\Local\Programs\MiKTeX\tex/latex/tools\longtable.
sty
Package: longtable 2023-11-01 v4.19 Multi-page Table package (DPC)
\LTleft=\skip58
\LTright=\skip59
\LTpre=\skip60
\LTpost=\skip61
\LTchunksize=\count297
\LTcapwidth=\dimen186
\LT@head=\box55
\LT@firsthead=\box56
\LT@foot=\box57
\LT@lastfoot=\box58
\LT@gbox=\box59
\LT@cols=\count298
\LT@rows=\count299
\c@LT@tables=\count300
\c@LT@chunks=\count301
\LT@p@ftn=\toks28
)
(C:\Users\Angel daniel\AppData\Local\Programs\MiKTeX\tex/latex/l3backend\l3back
end-pdftex.def
File: l3backend-pdftex.def 2024-01-04 L3 backend support: PDF output (pdfTeX)
\l__color_backend_stack_int=\count302
\l__pdf_internal_box=\box60
)
No file data_metrics.aux.
\openout1 = `data_metrics.aux'.

LaTeX Font Info:    Checking defaults for OML/cmm/m/it on input line 24.
LaTeX Font Info:    ... okay on input line 24.
LaTeX Font Info:    Checking defaults for OMS/cmsy/m/n on input line 24.
LaTeX Font Info:    ... okay on input line 24.
LaTeX Font Info:    Checking defaults for OT1/cmr/m/n on input line 24.
LaTeX Font Info:    ... okay on input line 24.
LaTeX Font Info:    Checking defaults for T1/cmr/m/n on input line 24.
LaTeX Font Info:    ... okay on input line 24.
LaTeX Font Info:    Checking defaults for TS1/cmr/m/n on input line 24.
LaTeX Font Info:    ... okay on input line 24.
LaTeX Font Info:    Checking defaults for OMX/cmex/m/n on input line 24.
LaTeX Font Info:    ... okay on input line 24.
LaTeX Font Info:    Checking defaults for U/cmr/m/n on input line 24.
LaTeX Font Info:    ... okay on input line 24.
LaTeX Font Info:    Checking defaults for PD1/pdf/m/n on input line 24.
LaTeX Font Info:    ... okay on input line 24.
LaTeX Font Info:    Checking defaults for PU/pdf/m/n on input line 24.
LaTeX Font Info:    ... okay on input line 24.

(C:\Users\Angel daniel\AppData\Local\Programs\MiKTeX\tex/context/base/mkii\supp
-pdf.mkii
[Loading MPS to PDF converter (version 2006.09.02).]
\scratchcounter=\count303
\scratchdimen=\dimen187
\scratchbox=\box61
\nofMPsegments=\count304
\nofMParguments=\count305
\everyMPshowfont=\toks29
\MPscratchCnt=\count306
\MPscratchDim=\dimen188
\MPnumerator=\count307
\makeMPintoPDFobject=\count308
\everyMPtoPDFconversion=\toks30
)
(C:\Users\Angel daniel\AppData\Local\Programs\MiKTeX\tex/latex/epstopdf-pkg\eps
topdf-base.sty
Package: epstopdf-base 2020-01-24 v2.11 Base part for package epstopdf
Package epstopdf-base Info: Redefining graphics rule for `.eps' on input line 4
85.

(C:\Users\Angel daniel\AppData\Local\Programs\MiKTeX\tex/latex/00miktex\epstopd
f-sys.cfg
File: epstopdf-sys.cfg 2021/03/18 v2.0 Configuration of epstopdf for MiKTeX
))
Package hyperref Info: Link coloring OFF on input line 24.
\@outlinefile=\write3
\openout3 = `data_metrics.out'.


*geometry* driver: auto-detecting
*geometry* detected driver: pdftex
*geometry* verbose mode - [ preamble ] result:
* driver: pdftex
* paper: <default>
* layout: <same size as paper>
* layoutoffset:(h,v)=(0.0pt,0.0pt)
* modes: 
* h-part:(L,W,R)=(71.13188pt, 472.03123pt, 71.13188pt)
* v-part:(T,H,B)=(71.13188pt, 652.70622pt, 71.13188pt)
* \paperwidth=614.295pt
* \paperheight=794.96999pt
* \textwidth=472.03123pt
* \textheight=652.70622pt
* \oddsidemargin=-1.1381pt
* \evensidemargin=-1.1381pt
* \topmargin=-38.1381pt
* \headheight=12.0pt
* \headsep=25.0pt
* \topskip=12.0pt
* \footskip=30.0pt
* \marginparwidth=44.0pt
* \marginparsep=10.0pt
* \columnsep=10.0pt
* \skip\footins=10.8pt plus 4.0pt minus 2.0pt
* \hoffset=0.0pt
* \voffset=0.0pt
* \mag=1000
* \@twocolumnfalse
* \@twosidefalse
* \@mparswitchfalse
* \@reversemarginfalse
* (1in=72.27pt=25.4mm, 1cm=28.453pt)

[1

{C:/Users/Angel daniel/AppData/Local/MiKTeX/fonts/map/pdftex/pdftex.map}]
No file data_metrics.toc.
\tf@toc=\write4
\openout4 = `data_metrics.toc'.


pdfTeX warning (ext4): destination with the same identifier (name{page.1}) has 
been already used, duplicate ignored
<to be read again> 
                   \relax 
l.30 \chapter
             {Research Data Overview and Methodology} [1

]
Chapter 1.
[2

] [3]
Chapter 2.

Overfull \hbox (14.19945pt too wide) in alignment at lines 56--61
 [] [] [] [] [] [] 
 []


Overfull \hbox (14.19945pt too wide) in alignment at lines 61--66
 [] [] [] [] [] [] 
 []


Overfull \hbox (14.19945pt too wide) in alignment at lines 66--69
 [] [] [] [] [] [] 
 []


Overfull \hbox (14.19945pt too wide) in alignment at lines 69--71
 [] [] [] [] [] [] 
 []


Overfull \hbox (42.39987pt too wide) in alignment at lines 71--81
 [] [] [] [] [] [] 
 []


Package longtable Warning: Column widths have changed
(longtable)                in table 2.1 on input line 81.

[4

]
Overfull \hbox (32.33968pt too wide) in paragraph at lines 92--104
 [][] 
 []

[5]
Chapter 3.

Overfull \hbox (2.39783pt too wide) in alignment at lines 154--163
 [] [] [] [] [] [] 
 []


Package longtable Warning: Column widths have changed
(longtable)                in table 3.1 on input line 163.

[6

] [7]
Chapter 4.

Overfull \hbox (48.2675pt too wide) in alignment at lines 198--203
 [] [] [] [] [] [] 
 []


Overfull \hbox (48.2675pt too wide) in alignment at lines 203--208
 [] [] [] [] [] [] 
 []


Overfull \hbox (48.2675pt too wide) in alignment at lines 208--211
 [] [] [] [] [] [] 
 []


Overfull \hbox (48.2675pt too wide) in alignment at lines 211--213
 [] [] [] [] [] [] 
 []


Overfull \hbox (48.2675pt too wide) in alignment at lines 213--222
 [] [] [] [] [] [] 
 []


LaTeX Warning: `h' float specifier changed to `ht'.

[8

] [9]
Chapter 5.

Package longtable Warning: Column widths have changed
(longtable)                in table 5.1 on input line 279.


LaTeX Warning: `h' float specifier changed to `ht'.

[10

] [11]
Chapter 6.

Overfull \hbox (7.10645pt too wide) in alignment at lines 315--320
 [] [] [] [] [] [] [] 
 []


Overfull \hbox (7.10645pt too wide) in alignment at lines 320--325
 [] [] [] [] [] [] [] 
 []


Overfull \hbox (7.10645pt too wide) in alignment at lines 325--328
 [] [] [] [] [] [] [] 
 []


Overfull \hbox (7.10645pt too wide) in alignment at lines 328--330
 [] [] [] [] [] [] [] 
 []


Overfull \hbox (75.1115pt too wide) in alignment at lines 330--339
 [] [] [] [] [] [] [] 
 []


Package longtable Warning: Column widths have changed
(longtable)                in table 6.1 on input line 339.


LaTeX Warning: `h' float specifier changed to `ht'.

[12

] [13]
Chapter 7.

! LaTeX Error: Unicode character σ (U+03C3)
               not set up for use with LaTeX.

See the LaTeX manual or LaTeX Companion for explanation.
Type  H <return>  for immediate help.
 ...                                              
                                                  
l.383 YU vs. NYU & -578,000 & -3,853\% & -1.8σ
                                                & Critical \\
You may provide a definition with
\DeclareUnicodeCharacter 


! LaTeX Error: Unicode character σ (U+03C3)
               not set up for use with LaTeX.

See the LaTeX manual or LaTeX Companion for explanation.
Type  H <return>  for immediate help.
 ...                                              
                                                  
l.384 .... Columbia & -442,000 & -2,947\% & -1.5σ
                                                   & Critical \\
You may provide a definition with
\DeclareUnicodeCharacter 


! LaTeX Error: Unicode character σ (U+03C3)
               not set up for use with LaTeX.

See the LaTeX manual or LaTeX Companion for explanation.
Type  H <return>  for immediate help.
 ...                                              
                                                  
l.385 YU vs. Rutgers & -109,000 & -727\% & -0.9σ
                                                  & High \\
You may provide a definition with
\DeclareUnicodeCharacter 


! LaTeX Error: Unicode character σ (U+03C3)
               not set up for use with LaTeX.

See the LaTeX manual or LaTeX Companion for explanation.
Type  H <return>  for immediate help.
 ...                                              
                                                  
l.386 YU vs. Brandeis & -10,000 & -67\% & -0.3σ
                                                 & Medium \\
You may provide a definition with
\DeclareUnicodeCharacter 


! LaTeX Error: Unicode character σ (U+03C3)
               not set up for use with LaTeX.

See the LaTeX manual or LaTeX Companion for explanation.
Type  H <return>  for immediate help.
 ...                                              
                                                  
l.387 YU vs. Average & -135,000 & -900\% & -1.2σ
                                                  & High \\
You may provide a definition with
\DeclareUnicodeCharacter 


! LaTeX Error: Unicode character σ (U+03C3)
               not set up for use with LaTeX.

See the LaTeX manual or LaTeX Companion for explanation.
Type  H <return>  for immediate help.
 ...                                              
                                                  
l.388 ...p Quartile & -435,000 & -2,900\% & -1.6σ
                                                   & Critical \\
You may provide a definition with
\DeclareUnicodeCharacter 


LaTeX Warning: `h' float specifier changed to `ht'.

[14

] [15]
Chapter 8.

Overfull \hbox (9.07729pt too wide) in alignment at lines 448--453
 [] [] [] [] [] [] [] 
 []


Overfull \hbox (9.07729pt too wide) in alignment at lines 453--458
 [] [] [] [] [] [] [] 
 []


Overfull \hbox (9.07729pt too wide) in alignment at lines 458--461
 [] [] [] [] [] [] [] 
 []


Overfull \hbox (9.07729pt too wide) in alignment at lines 461--463
 [] [] [] [] [] [] [] 
 []


Overfull \hbox (9.07729pt too wide) in alignment at lines 463--469
 [] [] [] [] [] [] [] 
 []

[16

] [17]
Chapter 9.

LaTeX Warning: `h' float specifier changed to `ht'.

[18

] [19]
Chapter 10.

Package longtable Warning: Table widths have changed. Rerun LaTeX.

[20

] (data_metrics.aux)
 ***********
LaTeX2e <2023-11-01> patch level 1
L3 programming layer <2024-01-04>
 ***********


Package rerunfilecheck Warning: File `data_metrics.out' has changed.
(rerunfilecheck)                Rerun to get outlines right
(rerunfilecheck)                or use package `bookmark'.

Package rerunfilecheck Info: Checksums for `data_metrics.out':
(rerunfilecheck)             Before: <no file>
(rerunfilecheck)             After:  B1516FFD5F77EA499CD5772817B04261;6583.
 ) 
Here is how much of TeX's memory you used:
 11038 strings out of 474486
 176216 string characters out of 5740415
 1937542 words of memory out of 5000000
 33126 multiletter control sequences out of 15000+600000
 565305 words of font info for 61 fonts, out of 8000000 for 9000
 1141 hyphenation exceptions out of 8191
 75i,8n,79p,482b,554s stack positions out of 10000i,1000n,20000p,200000b,200000s
 <C:\Users\Angel daniel\AppData\Local\MiKTeX\fonts/pk/ljfour/jknappen/ec/dpi6
00\tcrm1200.pk><C:/Users/Angel daniel/AppData/Local/Programs/MiKTeX/fonts/type1
/public/amsfonts/cm/cmbx12.pfb><C:/Users/Angel daniel/AppData/Local/Programs/Mi
KTeX/fonts/type1/public/amsfonts/cm/cmr12.pfb>
Output written on data_metrics.pdf (21 pages, 84623 bytes).
PDF statistics:
 172 PDF objects out of 1000 (max. 8388607)
 68 named destinations out of 1000 (max. 500000)
 1 words of extra memory for PDF output out of 10000 (max. 10000000)

