\BOOKMARK [0][-]{chapter.1}{\376\377\000R\000e\000s\000e\000a\000r\000c\000h\000\040\000D\000a\000t\000a\000\040\000O\000v\000e\000r\000v\000i\000e\000w\000\040\000a\000n\000d\000\040\000M\000e\000t\000h\000o\000d\000o\000l\000o\000g\000y}{}% 1
\BOOKMARK [1][-]{section.1.1}{\376\377\000D\000a\000t\000a\000\040\000C\000o\000l\000l\000e\000c\000t\000i\000o\000n\000\040\000F\000r\000a\000m\000e\000w\000o\000r\000k}{chapter.1}% 2
\BOOKMARK [1][-]{section.1.2}{\376\377\000S\000t\000a\000t\000i\000s\000t\000i\000c\000a\000l\000\040\000M\000e\000t\000h\000o\000d\000o\000l\000o\000g\000y\000\040\000a\000n\000d\000\040\000A\000n\000a\000l\000y\000t\000i\000c\000a\000l\000\040\000A\000p\000p\000r\000o\000a\000c\000h}{chapter.1}% 3
\BOOKMARK [0][-]{chapter.2}{\376\377\000P\000r\000i\000m\000a\000r\000y\000\040\000P\000l\000a\000t\000f\000o\000r\000m\000\040\000M\000e\000t\000r\000i\000c\000s\000:\000\040\000I\000n\000s\000t\000a\000g\000r\000a\000m\000\040\000A\000n\000a\000l\000y\000s\000i\000s}{}% 4
\BOOKMARK [1][-]{section.2.1}{\376\377\000I\000n\000s\000t\000a\000g\000r\000a\000m\000\040\000F\000o\000l\000l\000o\000w\000e\000r\000\040\000A\000n\000a\000l\000y\000s\000i\000s}{chapter.2}% 5
\BOOKMARK [2][-]{subsection.2.1.1}{\376\377\000E\000n\000g\000a\000g\000e\000m\000e\000n\000t\000\040\000R\000a\000t\000e\000\040\000A\000n\000a\000l\000y\000s\000i\000s}{section.2.1}% 6
\BOOKMARK [2][-]{subsection.2.1.2}{\376\377\000P\000o\000s\000t\000i\000n\000g\000\040\000F\000r\000e\000q\000u\000e\000n\000c\000y\000\040\000A\000n\000a\000l\000y\000s\000i\000s}{section.2.1}% 7
\BOOKMARK [0][-]{chapter.3}{\376\377\000T\000i\000k\000T\000o\000k\000\040\000P\000l\000a\000t\000f\000o\000r\000m\000\040\000A\000n\000a\000l\000y\000s\000i\000s}{}% 8
\BOOKMARK [1][-]{section.3.1}{\376\377\000T\000i\000k\000T\000o\000k\000\040\000P\000r\000e\000s\000e\000n\000c\000e\000\040\000A\000n\000a\000l\000y\000s\000i\000s}{chapter.3}% 9
\BOOKMARK [2][-]{subsection.3.1.1}{\376\377\000T\000i\000k\000T\000o\000k\000\040\000C\000o\000n\000t\000e\000n\000t\000\040\000P\000e\000r\000f\000o\000r\000m\000a\000n\000c\000e\000\040\000A\000n\000a\000l\000y\000s\000i\000s}{section.3.1}% 10
\BOOKMARK [0][-]{chapter.4}{\376\377\000C\000r\000o\000s\000s\000-\000P\000l\000a\000t\000f\000o\000r\000m\000\040\000C\000o\000m\000p\000a\000r\000a\000t\000i\000v\000e\000\040\000A\000n\000a\000l\000y\000s\000i\000s}{}% 11
\BOOKMARK [1][-]{section.4.1}{\376\377\000P\000l\000a\000t\000f\000o\000r\000m\000\040\000P\000e\000r\000f\000o\000r\000m\000a\000n\000c\000e\000\040\000C\000o\000m\000p\000a\000r\000i\000s\000o\000n}{chapter.4}% 12
\BOOKMARK [1][-]{section.4.2}{\376\377\000A\000u\000d\000i\000e\000n\000c\000e\000\040\000D\000e\000m\000o\000g\000r\000a\000p\000h\000i\000c\000\040\000A\000n\000a\000l\000y\000s\000i\000s}{chapter.4}% 13
\BOOKMARK [0][-]{chapter.5}{\376\377\000E\000n\000g\000a\000g\000e\000m\000e\000n\000t\000\040\000P\000a\000t\000t\000e\000r\000n\000\040\000A\000n\000a\000l\000y\000s\000i\000s\000\040\000a\000n\000d\000\040\000T\000e\000m\000p\000o\000r\000a\000l\000\040\000O\000p\000t\000i\000m\000i\000z\000a\000t\000i\000o\000n}{}% 14
\BOOKMARK [1][-]{section.5.1}{\376\377\000O\000p\000t\000i\000m\000a\000l\000\040\000P\000o\000s\000t\000i\000n\000g\000\040\000T\000i\000m\000e\000\040\000A\000n\000a\000l\000y\000s\000i\000s}{chapter.5}% 15
\BOOKMARK [2][-]{subsection.5.1.1}{\376\377\000W\000e\000e\000k\000l\000y\000\040\000P\000a\000t\000t\000e\000r\000n\000\040\000A\000n\000a\000l\000y\000s\000i\000s}{section.5.1}% 16
\BOOKMARK [0][-]{chapter.6}{\376\377\000C\000o\000n\000t\000e\000n\000t\000\040\000P\000e\000r\000f\000o\000r\000m\000a\000n\000c\000e\000\040\000A\000n\000a\000l\000y\000t\000i\000c\000s}{}% 17
\BOOKMARK [1][-]{section.6.1}{\376\377\000C\000o\000n\000t\000e\000n\000t\000\040\000F\000o\000r\000m\000a\000t\000\040\000E\000f\000f\000e\000c\000t\000i\000v\000e\000n\000e\000s\000s\000\040\000A\000n\000a\000l\000y\000s\000i\000s}{chapter.6}% 18
\BOOKMARK [2][-]{subsection.6.1.1}{\376\377\000M\000e\000s\000s\000a\000g\000i\000n\000g\000\040\000S\000t\000r\000a\000t\000e\000g\000y\000\040\000A\000n\000a\000l\000y\000s\000i\000s}{section.6.1}% 19
\BOOKMARK [0][-]{chapter.7}{\376\377\000C\000o\000m\000p\000e\000t\000i\000t\000i\000v\000e\000\040\000G\000a\000p\000\040\000A\000n\000a\000l\000y\000s\000i\000s\000\040\000a\000n\000d\000\040\000B\000e\000n\000c\000h\000m\000a\000r\000k\000i\000n\000g}{}% 20
\BOOKMARK [1][-]{section.7.1}{\376\377\000I\000n\000s\000t\000a\000g\000r\000a\000m\000\040\000F\000o\000l\000l\000o\000w\000e\000r\000\040\000G\000a\000p\000\040\000A\000n\000a\000l\000y\000s\000i\000s}{chapter.7}% 21
\BOOKMARK [2][-]{subsection.7.1.1}{\376\377\000E\000n\000g\000a\000g\000e\000m\000e\000n\000t\000\040\000R\000a\000t\000e\000\040\000G\000a\000p\000\040\000A\000n\000a\000l\000y\000s\000i\000s}{section.7.1}% 22
\BOOKMARK [0][-]{chapter.8}{\376\377\000G\000r\000o\000w\000t\000h\000\040\000P\000r\000o\000j\000e\000c\000t\000i\000o\000n\000\040\000M\000o\000d\000e\000l\000s\000\040\000a\000n\000d\000\040\000F\000o\000r\000e\000c\000a\000s\000t\000i\000n\000g}{}% 23
\BOOKMARK [1][-]{section.8.1}{\376\377\000B\000a\000s\000e\000l\000i\000n\000e\000\040\000G\000r\000o\000w\000t\000h\000\040\000P\000r\000o\000j\000e\000c\000t\000i\000o\000n\000s}{chapter.8}% 24
\BOOKMARK [2][-]{subsection.8.1.1}{\376\377\000O\000p\000t\000i\000m\000i\000z\000e\000d\000\040\000S\000t\000r\000a\000t\000e\000g\000y\000\040\000G\000r\000o\000w\000t\000h\000\040\000P\000r\000o\000j\000e\000c\000t\000i\000o\000n\000s}{section.8.1}% 25
\BOOKMARK [0][-]{chapter.9}{\376\377\000S\000t\000a\000t\000i\000s\000t\000i\000c\000a\000l\000\040\000S\000i\000g\000n\000i\000f\000i\000c\000a\000n\000c\000e\000\040\000a\000n\000d\000\040\000C\000o\000n\000f\000i\000d\000e\000n\000c\000e\000\040\000A\000n\000a\000l\000y\000s\000i\000s}{}% 26
\BOOKMARK [1][-]{section.9.1}{\376\377\000S\000t\000a\000t\000i\000s\000t\000i\000c\000a\000l\000\040\000S\000i\000g\000n\000i\000f\000i\000c\000a\000n\000c\000e\000\040\000T\000e\000s\000t\000i\000n\000g}{chapter.9}% 27
\BOOKMARK [2][-]{subsection.9.1.1}{\376\377\000C\000o\000n\000f\000i\000d\000e\000n\000c\000e\000\040\000I\000n\000t\000e\000r\000v\000a\000l\000\040\000A\000n\000a\000l\000y\000s\000i\000s}{section.9.1}% 28
\BOOKMARK [0][-]{chapter.10}{\376\377\000C\000o\000n\000c\000l\000u\000s\000i\000o\000n\000s\000\040\000a\000n\000d\000\040\000D\000a\000t\000a\000-\000D\000r\000i\000v\000e\000n\000\040\000R\000e\000c\000o\000m\000m\000e\000n\000d\000a\000t\000i\000o\000n\000s}{}% 29
