\BOOKMARK [0][-]{chapter.1}{\376\377\000E\000x\000e\000c\000u\000t\000i\000v\000e\000\040\000S\000u\000m\000m\000a\000r\000y}{}% 1
\BOOKMARK [1][-]{section.1.1}{\376\377\000S\000t\000u\000d\000y\000\040\000O\000v\000e\000r\000v\000i\000e\000w}{chapter.1}% 2
\BOOKMARK [1][-]{section.1.2}{\376\377\000K\000e\000y\000\040\000F\000i\000n\000d\000i\000n\000g\000s}{chapter.1}% 3
\BOOKMARK [2][-]{subsection.1.2.1}{\376\377\000D\000i\000g\000i\000t\000a\000l\000\040\000P\000r\000e\000s\000e\000n\000c\000e\000\040\000G\000a\000p}{section.1.2}% 4
\BOOKMARK [2][-]{subsection.1.2.2}{\376\377\000G\000r\000o\000w\000t\000h\000\040\000O\000p\000p\000o\000r\000t\000u\000n\000i\000t\000i\000e\000s}{section.1.2}% 5
\BOOKMARK [1][-]{section.1.3}{\376\377\000C\000r\000i\000t\000i\000c\000a\000l\000\040\000G\000a\000p\000s}{chapter.1}% 6
\BOOKMARK [2][-]{subsection.1.3.1}{\376\377\000P\000l\000a\000t\000f\000o\000r\000m\000\040\000P\000r\000e\000s\000e\000n\000c\000e}{section.1.3}% 7
\BOOKMARK [2][-]{subsection.1.3.2}{\376\377\000C\000o\000n\000t\000e\000n\000t\000\040\000S\000t\000r\000a\000t\000e\000g\000y}{section.1.3}% 8
\BOOKMARK [2][-]{subsection.1.3.3}{\376\377\000R\000e\000s\000o\000u\000r\000c\000e\000\040\000A\000l\000l\000o\000c\000a\000t\000i\000o\000n}{section.1.3}% 9
\BOOKMARK [1][-]{section.1.4}{\376\377\000I\000m\000m\000e\000d\000i\000a\000t\000e\000\040\000R\000e\000c\000o\000m\000m\000e\000n\000d\000a\000t\000i\000o\000n\000s}{chapter.1}% 10
\BOOKMARK [2][-]{subsection.1.4.1}{\376\377\000P\000l\000a\000t\000f\000o\000r\000m\000\040\000E\000x\000p\000a\000n\000s\000i\000o\000n}{section.1.4}% 11
\BOOKMARK [2][-]{subsection.1.4.2}{\376\377\000C\000o\000n\000t\000e\000n\000t\000\040\000E\000n\000h\000a\000n\000c\000e\000m\000e\000n\000t}{section.1.4}% 12
\BOOKMARK [2][-]{subsection.1.4.3}{\376\377\000R\000e\000s\000o\000u\000r\000c\000e\000\040\000O\000p\000t\000i\000m\000i\000z\000a\000t\000i\000o\000n}{section.1.4}% 13
\BOOKMARK [0][-]{chapter.2}{\376\377\000R\000e\000s\000e\000a\000r\000c\000h\000\040\000M\000e\000t\000h\000o\000d\000o\000l\000o\000g\000y}{}% 14
\BOOKMARK [1][-]{section.2.1}{\376\377\000S\000t\000u\000d\000y\000\040\000D\000e\000s\000i\000g\000n}{chapter.2}% 15
\BOOKMARK [2][-]{subsection.2.1.1}{\376\377\000R\000e\000s\000e\000a\000r\000c\000h\000\040\000A\000p\000p\000r\000o\000a\000c\000h}{section.2.1}% 16
\BOOKMARK [2][-]{subsection.2.1.2}{\376\377\000R\000e\000s\000e\000a\000r\000c\000h\000\040\000Q\000u\000e\000s\000t\000i\000o\000n\000s}{section.2.1}% 17
\BOOKMARK [1][-]{section.2.2}{\376\377\000D\000a\000t\000a\000\040\000C\000o\000l\000l\000e\000c\000t\000i\000o\000n}{chapter.2}% 18
\BOOKMARK [2][-]{subsection.2.2.1}{\376\377\000P\000r\000i\000m\000a\000r\000y\000\040\000D\000a\000t\000a\000\040\000S\000o\000u\000r\000c\000e\000s}{section.2.2}% 19
\BOOKMARK [2][-]{subsection.2.2.2}{\376\377\000S\000e\000c\000o\000n\000d\000a\000r\000y\000\040\000D\000a\000t\000a\000\040\000S\000o\000u\000r\000c\000e\000s}{section.2.2}% 20
\BOOKMARK [1][-]{section.2.3}{\376\377\000A\000n\000a\000l\000y\000s\000i\000s\000\040\000F\000r\000a\000m\000e\000w\000o\000r\000k}{chapter.2}% 21
\BOOKMARK [2][-]{subsection.2.3.1}{\376\377\000Q\000u\000a\000n\000t\000i\000t\000a\000t\000i\000v\000e\000\040\000A\000n\000a\000l\000y\000s\000i\000s}{section.2.3}% 22
\BOOKMARK [2][-]{subsection.2.3.2}{\376\377\000Q\000u\000a\000l\000i\000t\000a\000t\000i\000v\000e\000\040\000A\000n\000a\000l\000y\000s\000i\000s}{section.2.3}% 23
\BOOKMARK [0][-]{chapter.3}{\376\377\000C\000o\000m\000p\000e\000t\000i\000t\000i\000v\000e\000\040\000A\000n\000a\000l\000y\000s\000i\000s}{}% 24
\BOOKMARK [1][-]{section.3.1}{\376\377\000M\000a\000r\000k\000e\000t\000\040\000O\000v\000e\000r\000v\000i\000e\000w}{chapter.3}% 25
\BOOKMARK [2][-]{subsection.3.1.1}{\376\377\000H\000i\000g\000h\000e\000r\000\040\000E\000d\000u\000c\000a\000t\000i\000o\000n\000\040\000D\000i\000g\000i\000t\000a\000l\000\040\000L\000a\000n\000d\000s\000c\000a\000p\000e}{section.3.1}% 26
\BOOKMARK [1][-]{section.3.2}{\376\377\000I\000n\000s\000t\000i\000t\000u\000t\000i\000o\000n\000a\000l\000\040\000C\000o\000m\000p\000a\000r\000i\000s\000o\000n}{chapter.3}% 27
\BOOKMARK [2][-]{subsection.3.2.1}{\376\377\000N\000e\000w\000\040\000Y\000o\000r\000k\000\040\000U\000n\000i\000v\000e\000r\000s\000i\000t\000y\000\040\000\050\000N\000Y\000U\000\051}{section.3.2}% 28
\BOOKMARK [2][-]{subsection.3.2.2}{\376\377\000C\000o\000l\000u\000m\000b\000i\000a\000\040\000U\000n\000i\000v\000e\000r\000s\000i\000t\000y}{section.3.2}% 29
\BOOKMARK [0][-]{chapter.4}{\376\377\000S\000o\000c\000i\000a\000l\000\040\000M\000e\000d\000i\000a\000\040\000A\000n\000a\000l\000y\000s\000i\000s}{}% 30
\BOOKMARK [1][-]{section.4.1}{\376\377\000P\000l\000a\000t\000f\000o\000r\000m\000\040\000P\000e\000r\000f\000o\000r\000m\000a\000n\000c\000e}{chapter.4}% 31
\BOOKMARK [2][-]{subsection.4.1.1}{\376\377\000I\000n\000s\000t\000a\000g\000r\000a\000m\000\040\000A\000n\000a\000l\000y\000t\000i\000c\000s}{section.4.1}% 32
\BOOKMARK [2][-]{subsection.4.1.2}{\376\377\000C\000o\000n\000t\000e\000n\000t\000\040\000P\000e\000r\000f\000o\000r\000m\000a\000n\000c\000e\000\040\000A\000n\000a\000l\000y\000s\000i\000s}{section.4.1}% 33
\BOOKMARK [2][-]{subsection.4.1.3}{\376\377\000E\000n\000g\000a\000g\000e\000m\000e\000n\000t\000\040\000P\000a\000t\000t\000e\000r\000n\000s}{section.4.1}% 34
\BOOKMARK [0][-]{chapter.5}{\376\377\000C\000o\000n\000t\000e\000n\000t\000\040\000S\000t\000r\000a\000t\000e\000g\000y\000\040\000A\000n\000a\000l\000y\000s\000i\000s}{}% 35
\BOOKMARK [1][-]{section.5.1}{\376\377\000C\000u\000r\000r\000e\000n\000t\000\040\000C\000o\000n\000t\000e\000n\000t\000\040\000E\000c\000o\000s\000y\000s\000t\000e\000m}{chapter.5}% 36
\BOOKMARK [2][-]{subsection.5.1.1}{\376\377\000C\000o\000n\000t\000e\000n\000t\000\040\000T\000y\000p\000e\000s}{section.5.1}% 37
\BOOKMARK [2][-]{subsection.5.1.2}{\376\377\000C\000o\000n\000t\000e\000n\000t\000\040\000D\000i\000s\000t\000r\000i\000b\000u\000t\000i\000o\000n}{section.5.1}% 38
\BOOKMARK [0][-]{chapter.6}{\376\377\000I\000m\000p\000l\000e\000m\000e\000n\000t\000a\000t\000i\000o\000n\000\040\000S\000t\000r\000a\000t\000e\000g\000y}{}% 39
\BOOKMARK [1][-]{section.6.1}{\376\377\000P\000h\000a\000s\000e\000d\000\040\000A\000p\000p\000r\000o\000a\000c\000h}{chapter.6}% 40
\BOOKMARK [2][-]{subsection.6.1.1}{\376\377\000P\000h\000a\000s\000e\000\040\0001\000:\000\040\000F\000o\000u\000n\000d\000a\000t\000i\000o\000n\000\040\000\050\0003\0000\000\040\000D\000a\000y\000s\000\051}{section.6.1}% 41
\BOOKMARK [2][-]{subsection.6.1.2}{\376\377\000P\000h\000a\000s\000e\000\040\0002\000:\000\040\000G\000r\000o\000w\000t\000h\000\040\000\050\0006\0000\000-\0009\0000\000\040\000D\000a\000y\000s\000\051}{section.6.1}% 42
\BOOKMARK [0][-]{chapter.7}{\376\377\000R\000e\000s\000o\000u\000r\000c\000e\000\040\000R\000e\000q\000u\000i\000r\000e\000m\000e\000n\000t\000s}{}% 43
\BOOKMARK [1][-]{section.7.1}{\376\377\000T\000e\000a\000m\000\040\000S\000t\000r\000u\000c\000t\000u\000r\000e}{chapter.7}% 44
\BOOKMARK [2][-]{subsection.7.1.1}{\376\377\000C\000o\000r\000e\000\040\000T\000e\000a\000m}{section.7.1}% 45
\BOOKMARK [2][-]{subsection.7.1.2}{\376\377\000S\000u\000p\000p\000o\000r\000t\000\040\000R\000e\000s\000o\000u\000r\000c\000e\000s}{section.7.1}% 46
\BOOKMARK [0][-]{chapter.8}{\376\377\000R\000i\000s\000k\000\040\000A\000n\000a\000l\000y\000s\000i\000s\000\040\000a\000n\000d\000\040\000M\000i\000t\000i\000g\000a\000t\000i\000o\000n}{}% 47
\BOOKMARK [1][-]{section.8.1}{\376\377\000P\000o\000t\000e\000n\000t\000i\000a\000l\000\040\000R\000i\000s\000k\000s}{chapter.8}% 48
\BOOKMARK [2][-]{subsection.8.1.1}{\376\377\000S\000t\000r\000a\000t\000e\000g\000i\000c\000\040\000R\000i\000s\000k\000s}{section.8.1}% 49
\BOOKMARK [2][-]{subsection.8.1.2}{\376\377\000O\000p\000e\000r\000a\000t\000i\000o\000n\000a\000l\000\040\000R\000i\000s\000k\000s}{section.8.1}% 50
\BOOKMARK [0][-]{chapter.9}{\376\377\000M\000e\000a\000s\000u\000r\000e\000m\000e\000n\000t\000\040\000a\000n\000d\000\040\000S\000u\000c\000c\000e\000s\000s\000\040\000M\000e\000t\000r\000i\000c\000s}{}% 51
\BOOKMARK [1][-]{section.9.1}{\376\377\000K\000e\000y\000\040\000P\000e\000r\000f\000o\000r\000m\000a\000n\000c\000e\000\040\000I\000n\000d\000i\000c\000a\000t\000o\000r\000s}{chapter.9}% 52
\BOOKMARK [2][-]{subsection.9.1.1}{\376\377\000G\000r\000o\000w\000t\000h\000\040\000M\000e\000t\000r\000i\000c\000s}{section.9.1}% 53
\BOOKMARK [2][-]{subsection.9.1.2}{\376\377\000E\000n\000g\000a\000g\000e\000m\000e\000n\000t\000\040\000M\000e\000t\000r\000i\000c\000s}{section.9.1}% 54
\BOOKMARK [0][-]{chapter.10}{\376\377\000C\000o\000n\000c\000l\000u\000s\000i\000o\000n\000s\000\040\000a\000n\000d\000\040\000R\000e\000c\000o\000m\000m\000e\000n\000d\000a\000t\000i\000o\000n\000s}{}% 55
\BOOKMARK [1][-]{section.10.1}{\376\377\000K\000e\000y\000\040\000F\000i\000n\000d\000i\000n\000g\000s\000\040\000S\000u\000m\000m\000a\000r\000y}{chapter.10}% 56
\BOOKMARK [1][-]{section.10.2}{\376\377\000S\000t\000r\000a\000t\000e\000g\000i\000c\000\040\000R\000e\000c\000o\000m\000m\000e\000n\000d\000a\000t\000i\000o\000n\000s}{chapter.10}% 57
\BOOKMARK [0][-]{appendix.A}{\376\377\000R\000e\000s\000e\000a\000r\000c\000h\000\040\000D\000a\000t\000a}{}% 58
\BOOKMARK [1][-]{section.A.1}{\376\377\000S\000o\000c\000i\000a\000l\000\040\000M\000e\000d\000i\000a\000\040\000M\000e\000t\000r\000i\000c\000s}{appendix.A}% 59
\BOOKMARK [2][-]{subsection.A.1.1}{\376\377\000P\000l\000a\000t\000f\000o\000r\000m\000\040\000P\000e\000r\000f\000o\000r\000m\000a\000n\000c\000e\000\040\000D\000a\000t\000a}{section.A.1}% 60
\BOOKMARK [1][-]{section.A.2}{\376\377\000C\000o\000n\000t\000e\000n\000t\000\040\000A\000n\000a\000l\000y\000s\000i\000s\000\040\000R\000e\000s\000u\000l\000t\000s}{appendix.A}% 61
\BOOKMARK [2][-]{subsection.A.2.1}{\376\377\000C\000o\000n\000t\000e\000n\000t\000\040\000P\000e\000r\000f\000o\000r\000m\000a\000n\000c\000e\000\040\000D\000a\000t\000a}{section.A.2}% 62
\BOOKMARK [1][-]{section.A.3}{\376\377\000C\000o\000m\000p\000e\000t\000i\000t\000i\000v\000e\000\040\000A\000n\000a\000l\000y\000s\000i\000s\000\040\000D\000a\000t\000a}{appendix.A}% 63
\BOOKMARK [2][-]{subsection.A.3.1}{\376\377\000P\000e\000e\000r\000\040\000I\000n\000s\000t\000i\000t\000u\000t\000i\000o\000n\000\040\000M\000e\000t\000r\000i\000c\000s}{section.A.3}% 64
\BOOKMARK [0][-]{appendix.B}{\376\377\000I\000m\000p\000l\000e\000m\000e\000n\000t\000a\000t\000i\000o\000n\000\040\000T\000e\000m\000p\000l\000a\000t\000e\000s}{}% 65
\BOOKMARK [1][-]{section.B.1}{\376\377\000C\000o\000n\000t\000e\000n\000t\000\040\000C\000a\000l\000e\000n\000d\000a\000r\000s}{appendix.B}% 66
\BOOKMARK [2][-]{subsection.B.1.1}{\376\377\000W\000e\000e\000k\000l\000y\000\040\000C\000o\000n\000t\000e\000n\000t\000\040\000S\000c\000h\000e\000d\000u\000l\000e}{section.B.1}% 67
\BOOKMARK [1][-]{section.B.2}{\376\377\000B\000r\000a\000n\000d\000\040\000G\000u\000i\000d\000e\000l\000i\000n\000e\000s}{appendix.B}% 68
\BOOKMARK [2][-]{subsection.B.2.1}{\376\377\000V\000i\000s\000u\000a\000l\000\040\000I\000d\000e\000n\000t\000i\000t\000y}{section.B.2}% 69
\BOOKMARK [1][-]{section.B.3}{\376\377\000C\000r\000i\000s\000i\000s\000\040\000R\000e\000s\000p\000o\000n\000s\000e\000\040\000P\000r\000o\000t\000o\000c\000o\000l\000s}{appendix.B}% 70
\BOOKMARK [2][-]{subsection.B.3.1}{\376\377\000R\000e\000s\000p\000o\000n\000s\000e\000\040\000F\000r\000a\000m\000e\000w\000o\000r\000k}{section.B.3}% 71
\BOOKMARK [0][-]{appendix.C}{\376\377\000S\000u\000p\000p\000o\000r\000t\000i\000n\000g\000\040\000D\000o\000c\000u\000m\000e\000n\000t\000a\000t\000i\000o\000n}{}% 72
\BOOKMARK [1][-]{section.C.1}{\376\377\000R\000e\000s\000e\000a\000r\000c\000h\000\040\000M\000e\000t\000h\000o\000d\000o\000l\000o\000g\000y\000\040\000D\000e\000t\000a\000i\000l\000s}{appendix.C}% 73
\BOOKMARK [2][-]{subsection.C.1.1}{\376\377\000D\000a\000t\000a\000\040\000C\000o\000l\000l\000e\000c\000t\000i\000o\000n\000\040\000M\000e\000t\000h\000o\000d\000s}{section.C.1}% 74
\BOOKMARK [1][-]{section.C.2}{\376\377\000I\000n\000d\000u\000s\000t\000r\000y\000\040\000B\000e\000n\000c\000h\000m\000a\000r\000k\000s}{appendix.C}% 75
\BOOKMARK [2][-]{subsection.C.2.1}{\376\377\000P\000l\000a\000t\000f\000o\000r\000m\000-\000S\000p\000e\000c\000i\000f\000i\000c\000\040\000B\000e\000n\000c\000h\000m\000a\000r\000k\000s}{section.C.2}% 76
