This is pdfTeX, Version 3.141592653-2.6-1.40.25 (MiKTeX 24.1) (preloaded format=pdflatex 2025.10.8)  15 OCT 2025 14:50
entering extended mode
 restricted \write18 enabled.
 %&-line parsing enabled.
**./supporting_materials.tex
(supporting_materials.tex
LaTeX2e <2023-11-01> patch level 1
L3 programming layer <2024-01-04>
(C:\Users\Angel daniel\AppData\Local\Programs\MiKTeX\tex/latex/base\report.cls
Document Class: report 2023/05/17 v1.4n Standard LaTeX document class
(C:\Users\Angel daniel\AppData\Local\Programs\MiKTeX\tex/latex/base\size12.clo
File: size12.clo 2023/05/17 v1.4n Standard LaTeX file (size option)
)
\c@part=\count187
\c@chapter=\count188
\c@section=\count189
\c@subsection=\count190
\c@subsubsection=\count191
\c@paragraph=\count192
\c@subparagraph=\count193
\c@figure=\count194
\c@table=\count195
\abovecaptionskip=\skip48
\belowcaptionskip=\skip49
\bibindent=\dimen140
)
(C:\Users\Angel daniel\AppData\Local\Programs\MiKTeX\tex/latex/base\inputenc.st
y
Package: inputenc 2021/02/14 v1.3d Input encoding file
\inpenc@prehook=\toks17
\inpenc@posthook=\toks18
)
(C:\Users\Angel daniel\AppData\Local\Programs\MiKTeX\tex/generic/babel\babel.st
y
Package: babel 2024/01/07 v24.1 The Babel package
\babel@savecnt=\count196
\U@D=\dimen141
\l@unhyphenated=\language79

(C:\Users\Angel daniel\AppData\Local\Programs\MiKTeX\tex/generic/babel\txtbabel
.def)
\bbl@readstream=\read2
\bbl@dirlevel=\count197

*************************************
* Local config file bblopts.cfg used
*

(C:\Users\Angel daniel\AppData\Local\Programs\MiKTeX\tex/latex/arabi\bblopts.cf
g
File: bblopts.cfg 2005/09/08 v0.1 add Arabic and Farsi to "declared" options of
 babel
)
(C:\Users\Angel daniel\AppData\Local\Programs\MiKTeX\tex/latex/babel-english\en
glish.ldf
Language: english 2017/06/06 v3.3r English support from the babel system
Package babel Info: Hyphen rules for 'canadian' set to \l@english
(babel)             (\language0). Reported on input line 102.
Package babel Info: Hyphen rules for 'australian' set to \l@ukenglish
(babel)             (\language73). Reported on input line 105.
Package babel Info: Hyphen rules for 'newzealand' set to \l@ukenglish
(babel)             (\language73). Reported on input line 108.
))
(C:\Users\Angel daniel\AppData\Local\Programs\MiKTeX\tex/generic/babel/locale/e
n\babel-english.tex
Package babel Info: Importing font and identification data for english
(babel)             from babel-en.ini. Reported on input line 11.
)
(C:\Users\Angel daniel\AppData\Local\Programs\MiKTeX\tex/latex/graphics\graphic
x.sty
Package: graphicx 2021/09/16 v1.2d Enhanced LaTeX Graphics (DPC,SPQR)

(C:\Users\Angel daniel\AppData\Local\Programs\MiKTeX\tex/latex/graphics\keyval.
sty
Package: keyval 2022/05/29 v1.15 key=value parser (DPC)
\KV@toks@=\toks19
)
(C:\Users\Angel daniel\AppData\Local\Programs\MiKTeX\tex/latex/graphics\graphic
s.sty
Package: graphics 2022/03/10 v1.4e Standard LaTeX Graphics (DPC,SPQR)

(C:\Users\Angel daniel\AppData\Local\Programs\MiKTeX\tex/latex/graphics\trig.st
y
Package: trig 2021/08/11 v1.11 sin cos tan (DPC)
)
(C:\Users\Angel daniel\AppData\Local\Programs\MiKTeX\tex/latex/graphics-cfg\gra
phics.cfg
File: graphics.cfg 2016/06/04 v1.11 sample graphics configuration
)
Package graphics Info: Driver file: pdftex.def on input line 107.

(C:\Users\Angel daniel\AppData\Local\Programs\MiKTeX\tex/latex/graphics-def\pdf
tex.def
File: pdftex.def 2022/09/22 v1.2b Graphics/color driver for pdftex
))
\Gin@req@height=\dimen142
\Gin@req@width=\dimen143
)
(C:\Users\Angel daniel\AppData\Local\Programs\MiKTeX\tex/latex/hyperref\hyperre
f.sty
Package: hyperref 2023-11-26 v7.01g Hypertext links for LaTeX

(C:\Users\Angel daniel\AppData\Local\Programs\MiKTeX\tex/generic/iftex\iftex.st
y
Package: iftex 2022/02/03 v1.0f TeX engine tests
)
(C:\Users\Angel daniel\AppData\Local\Programs\MiKTeX\tex/generic/infwarerr\infw
arerr.sty
Package: infwarerr 2019/12/03 v1.5 Providing info/warning/error messages (HO)
)
(C:\Users\Angel daniel\AppData\Local\Programs\MiKTeX\tex/latex/kvsetkeys\kvsetk
eys.sty
Package: kvsetkeys 2022-10-05 v1.19 Key value parser (HO)
)
(C:\Users\Angel daniel\AppData\Local\Programs\MiKTeX\tex/generic/kvdefinekeys\k
vdefinekeys.sty
Package: kvdefinekeys 2019-12-19 v1.6 Define keys (HO)
)
(C:\Users\Angel daniel\AppData\Local\Programs\MiKTeX\tex/generic/pdfescape\pdfe
scape.sty
Package: pdfescape 2019/12/09 v1.15 Implements pdfTeX's escape features (HO)

(C:\Users\Angel daniel\AppData\Local\Programs\MiKTeX\tex/generic/ltxcmds\ltxcmd
s.sty
Package: ltxcmds 2023-12-04 v1.26 LaTeX kernel commands for general use (HO)
)
(C:\Users\Angel daniel\AppData\Local\Programs\MiKTeX\tex/generic/pdftexcmds\pdf
texcmds.sty
Package: pdftexcmds 2020-06-27 v0.33 Utility functions of pdfTeX for LuaTeX (HO
)
Package pdftexcmds Info: \pdf@primitive is available.
Package pdftexcmds Info: \pdf@ifprimitive is available.
Package pdftexcmds Info: \pdfdraftmode found.
))
(C:\Users\Angel daniel\AppData\Local\Programs\MiKTeX\tex/latex/hycolor\hycolor.
sty
Package: hycolor 2020-01-27 v1.10 Color options for hyperref/bookmark (HO)
)
(C:\Users\Angel daniel\AppData\Local\Programs\MiKTeX\tex/latex/letltxmacro\letl
txmacro.sty
Package: letltxmacro 2019/12/03 v1.6 Let assignment for LaTeX macros (HO)
)
(C:\Users\Angel daniel\AppData\Local\Programs\MiKTeX\tex/latex/auxhook\auxhook.
sty
Package: auxhook 2019-12-17 v1.6 Hooks for auxiliary files (HO)
)
(C:\Users\Angel daniel\AppData\Local\Programs\MiKTeX\tex/latex/hyperref\nameref
.sty
Package: nameref 2023-11-26 v2.56 Cross-referencing by name of section

(C:\Users\Angel daniel\AppData\Local\Programs\MiKTeX\tex/latex/refcount\refcoun
t.sty
Package: refcount 2019/12/15 v3.6 Data extraction from label references (HO)
)
(C:\Users\Angel daniel\AppData\Local\Programs\MiKTeX\tex/generic/gettitlestring
\gettitlestring.sty
Package: gettitlestring 2019/12/15 v1.6 Cleanup title references (HO)

(C:\Users\Angel daniel\AppData\Local\Programs\MiKTeX\tex/latex/kvoptions\kvopti
ons.sty
Package: kvoptions 2022-06-15 v3.15 Key value format for package options (HO)
))
\c@section@level=\count198
)
(C:\Users\Angel daniel\AppData\Local\Programs\MiKTeX\tex/latex/etoolbox\etoolbo
x.sty
Package: etoolbox 2020/10/05 v2.5k e-TeX tools for LaTeX (JAW)
\etb@tempcnta=\count199
)
\@linkdim=\dimen144
\Hy@linkcounter=\count266
\Hy@pagecounter=\count267

(C:\Users\Angel daniel\AppData\Local\Programs\MiKTeX\tex/latex/hyperref\pd1enc.
def
File: pd1enc.def 2023-11-26 v7.01g Hyperref: PDFDocEncoding definition (HO)
Now handling font encoding PD1 ...
... no UTF-8 mapping file for font encoding PD1
)
(C:\Users\Angel daniel\AppData\Local\Programs\MiKTeX\tex/generic/intcalc\intcal
c.sty
Package: intcalc 2019/12/15 v1.3 Expandable calculations with integers (HO)
)
\Hy@SavedSpaceFactor=\count268

(C:\Users\Angel daniel\AppData\Local\Programs\MiKTeX\tex/latex/hyperref\puenc.d
ef
File: puenc.def 2023-11-26 v7.01g Hyperref: PDF Unicode definition (HO)
Now handling font encoding PU ...
... no UTF-8 mapping file for font encoding PU
)
Package hyperref Info: Hyper figures OFF on input line 4181.
Package hyperref Info: Link nesting OFF on input line 4186.
Package hyperref Info: Hyper index ON on input line 4189.
Package hyperref Info: Plain pages OFF on input line 4196.
Package hyperref Info: Backreferencing OFF on input line 4201.
Package hyperref Info: Implicit mode ON; LaTeX internals redefined.
Package hyperref Info: Bookmarks ON on input line 4448.
\c@Hy@tempcnt=\count269
 (C:\Users\Angel daniel\AppData\Local\Programs\MiKTeX\tex/latex/url\url.sty
\Urlmuskip=\muskip16
Package: url 2013/09/16  ver 3.4  Verb mode for urls, etc.
)
LaTeX Info: Redefining \url on input line 4786.
\XeTeXLinkMargin=\dimen145

(C:\Users\Angel daniel\AppData\Local\Programs\MiKTeX\tex/generic/bitset\bitset.
sty
Package: bitset 2019/12/09 v1.3 Handle bit-vector datatype (HO)

(C:\Users\Angel daniel\AppData\Local\Programs\MiKTeX\tex/generic/bigintcalc\big
intcalc.sty
Package: bigintcalc 2019/12/15 v1.5 Expandable calculations on big integers (HO
)
))
\Fld@menulength=\count270
\Field@Width=\dimen146
\Fld@charsize=\dimen147
Package hyperref Info: Hyper figures OFF on input line 6065.
Package hyperref Info: Link nesting OFF on input line 6070.
Package hyperref Info: Hyper index ON on input line 6073.
Package hyperref Info: backreferencing OFF on input line 6080.
Package hyperref Info: Link coloring OFF on input line 6085.
Package hyperref Info: Link coloring with OCG OFF on input line 6090.
Package hyperref Info: PDF/A mode OFF on input line 6095.

(C:\Users\Angel daniel\AppData\Local\Programs\MiKTeX\tex/latex/base\atbegshi-lt
x.sty
Package: atbegshi-ltx 2021/01/10 v1.0c Emulation of the original atbegshi
package with kernel methods
)
\Hy@abspage=\count271
\c@Item=\count272
\c@Hfootnote=\count273
)
Package hyperref Info: Driver (autodetected): hpdftex.

(C:\Users\Angel daniel\AppData\Local\Programs\MiKTeX\tex/latex/hyperref\hpdftex
.def
File: hpdftex.def 2023-11-26 v7.01g Hyperref driver for pdfTeX

(C:\Users\Angel daniel\AppData\Local\Programs\MiKTeX\tex/latex/base\atveryend-l
tx.sty
Package: atveryend-ltx 2020/08/19 v1.0a Emulation of the original atveryend pac
kage
with kernel methods
)
\Fld@listcount=\count274
\c@bookmark@seq@number=\count275

(C:\Users\Angel daniel\AppData\Local\Programs\MiKTeX\tex/latex/rerunfilecheck\r
erunfilecheck.sty
Package: rerunfilecheck 2025-06-21 v1.11 Rerun checks for auxiliary files (HO)

(C:\Users\Angel daniel\AppData\Local\Programs\MiKTeX\tex/generic/uniquecounter\
uniquecounter.sty
Package: uniquecounter 2019/12/15 v1.4 Provide unlimited unique counter (HO)
)
Package uniquecounter Info: New unique counter `rerunfilecheck' on input line 2
84.
)
\Hy@SectionHShift=\skip50
)
(C:\Users\Angel daniel\AppData\Local\Programs\MiKTeX\tex/latex/amsmath\amsmath.
sty
Package: amsmath 2023/05/13 v2.17o AMS math features
\@mathmargin=\skip51

For additional information on amsmath, use the `?' option.

(C:\Users\Angel daniel\AppData\Local\Programs\MiKTeX\tex/latex/amsmath\amstext.
sty
Package: amstext 2021/08/26 v2.01 AMS text

(C:\Users\Angel daniel\AppData\Local\Programs\MiKTeX\tex/latex/amsmath\amsgen.s
ty
File: amsgen.sty 1999/11/30 v2.0 generic functions
\@emptytoks=\toks20
\ex@=\dimen148
))
(C:\Users\Angel daniel\AppData\Local\Programs\MiKTeX\tex/latex/amsmath\amsbsy.s
ty
Package: amsbsy 1999/11/29 v1.2d Bold Symbols
\pmbraise@=\dimen149
)
(C:\Users\Angel daniel\AppData\Local\Programs\MiKTeX\tex/latex/amsmath\amsopn.s
ty
Package: amsopn 2022/04/08 v2.04 operator names
)
\inf@bad=\count276
LaTeX Info: Redefining \frac on input line 234.
\uproot@=\count277
\leftroot@=\count278
LaTeX Info: Redefining \overline on input line 399.
LaTeX Info: Redefining \colon on input line 410.
\classnum@=\count279
\DOTSCASE@=\count280
LaTeX Info: Redefining \ldots on input line 496.
LaTeX Info: Redefining \dots on input line 499.
LaTeX Info: Redefining \cdots on input line 620.
\Mathstrutbox@=\box51
\strutbox@=\box52
LaTeX Info: Redefining \big on input line 722.
LaTeX Info: Redefining \Big on input line 723.
LaTeX Info: Redefining \bigg on input line 724.
LaTeX Info: Redefining \Bigg on input line 725.
\big@size=\dimen150
LaTeX Font Info:    Redeclaring font encoding OML on input line 743.
LaTeX Font Info:    Redeclaring font encoding OMS on input line 744.
\macc@depth=\count281
LaTeX Info: Redefining \bmod on input line 905.
LaTeX Info: Redefining \pmod on input line 910.
LaTeX Info: Redefining \smash on input line 940.
LaTeX Info: Redefining \relbar on input line 970.
LaTeX Info: Redefining \Relbar on input line 971.
\c@MaxMatrixCols=\count282
\dotsspace@=\muskip17
\c@parentequation=\count283
\dspbrk@lvl=\count284
\tag@help=\toks21
\row@=\count285
\column@=\count286
\maxfields@=\count287
\andhelp@=\toks22
\eqnshift@=\dimen151
\alignsep@=\dimen152
\tagshift@=\dimen153
\tagwidth@=\dimen154
\totwidth@=\dimen155
\lineht@=\dimen156
\@envbody=\toks23
\multlinegap=\skip52
\multlinetaggap=\skip53
\mathdisplay@stack=\toks24
LaTeX Info: Redefining \[ on input line 2953.
LaTeX Info: Redefining \] on input line 2954.
)
(C:\Users\Angel daniel\AppData\Local\Programs\MiKTeX\tex/latex/geometry\geometr
y.sty
Package: geometry 2020/01/02 v5.9 Page Geometry

(C:\Users\Angel daniel\AppData\Local\Programs\MiKTeX\tex/generic/iftex\ifvtex.s
ty
Package: ifvtex 2019/10/25 v1.7 ifvtex legacy package. Use iftex instead.
)
\Gm@cnth=\count288
\Gm@cntv=\count289
\c@Gm@tempcnt=\count290
\Gm@bindingoffset=\dimen157
\Gm@wd@mp=\dimen158
\Gm@odd@mp=\dimen159
\Gm@even@mp=\dimen160
\Gm@layoutwidth=\dimen161
\Gm@layoutheight=\dimen162
\Gm@layouthoffset=\dimen163
\Gm@layoutvoffset=\dimen164
\Gm@dimlist=\toks25

(C:\Users\Angel daniel\AppData\Local\Programs\MiKTeX\tex/latex/geometry\geometr
y.cfg))
(C:\Users\Angel daniel\AppData\Local\Programs\MiKTeX\tex/latex/booktabs\booktab
s.sty
Package: booktabs 2020/01/12 v1.61803398 Publication quality tables
\heavyrulewidth=\dimen165
\lightrulewidth=\dimen166
\cmidrulewidth=\dimen167
\belowrulesep=\dimen168
\belowbottomsep=\dimen169
\aboverulesep=\dimen170
\abovetopsep=\dimen171
\cmidrulesep=\dimen172
\cmidrulekern=\dimen173
\defaultaddspace=\dimen174
\@cmidla=\count291
\@cmidlb=\count292
\@aboverulesep=\dimen175
\@belowrulesep=\dimen176
\@thisruleclass=\count293
\@lastruleclass=\count294
\@thisrulewidth=\dimen177
)
(C:\Users\Angel daniel\AppData\Local\Programs\MiKTeX\tex/latex/multirow\multiro
w.sty
Package: multirow 2024/11/12 v2.9 Span multiple rows of a table
\multirow@colwidth=\skip54
\multirow@cntb=\count295
\multirow@dima=\skip55
\bigstrutjot=\dimen178
)
(C:\Users\Angel daniel\AppData\Local\Programs\MiKTeX\tex/latex/tools\longtable.
sty
Package: longtable 2023-11-01 v4.19 Multi-page Table package (DPC)
\LTleft=\skip56
\LTright=\skip57
\LTpre=\skip58
\LTpost=\skip59
\LTchunksize=\count296
\LTcapwidth=\dimen179
\LT@head=\box53
\LT@firsthead=\box54
\LT@foot=\box55
\LT@lastfoot=\box56
\LT@gbox=\box57
\LT@cols=\count297
\LT@rows=\count298
\c@LT@tables=\count299
\c@LT@chunks=\count300
\LT@p@ftn=\toks26
)
(C:\Users\Angel daniel\AppData\Local\Programs\MiKTeX\tex/latex/l3backend\l3back
end-pdftex.def
File: l3backend-pdftex.def 2024-01-04 L3 backend support: PDF output (pdfTeX)
\l__color_backend_stack_int=\count301
\l__pdf_internal_box=\box58
)
No file supporting_materials.aux.
\openout1 = `supporting_materials.aux'.

LaTeX Font Info:    Checking defaults for OML/cmm/m/it on input line 22.
LaTeX Font Info:    ... okay on input line 22.
LaTeX Font Info:    Checking defaults for OMS/cmsy/m/n on input line 22.
LaTeX Font Info:    ... okay on input line 22.
LaTeX Font Info:    Checking defaults for OT1/cmr/m/n on input line 22.
LaTeX Font Info:    ... okay on input line 22.
LaTeX Font Info:    Checking defaults for T1/cmr/m/n on input line 22.
LaTeX Font Info:    ... okay on input line 22.
LaTeX Font Info:    Checking defaults for TS1/cmr/m/n on input line 22.
LaTeX Font Info:    ... okay on input line 22.
LaTeX Font Info:    Checking defaults for OMX/cmex/m/n on input line 22.
LaTeX Font Info:    ... okay on input line 22.
LaTeX Font Info:    Checking defaults for U/cmr/m/n on input line 22.
LaTeX Font Info:    ... okay on input line 22.
LaTeX Font Info:    Checking defaults for PD1/pdf/m/n on input line 22.
LaTeX Font Info:    ... okay on input line 22.
LaTeX Font Info:    Checking defaults for PU/pdf/m/n on input line 22.
LaTeX Font Info:    ... okay on input line 22.

(C:\Users\Angel daniel\AppData\Local\Programs\MiKTeX\tex/context/base/mkii\supp
-pdf.mkii
[Loading MPS to PDF converter (version 2006.09.02).]
\scratchcounter=\count302
\scratchdimen=\dimen180
\scratchbox=\box59
\nofMPsegments=\count303
\nofMParguments=\count304
\everyMPshowfont=\toks27
\MPscratchCnt=\count305
\MPscratchDim=\dimen181
\MPnumerator=\count306
\makeMPintoPDFobject=\count307
\everyMPtoPDFconversion=\toks28
)
(C:\Users\Angel daniel\AppData\Local\Programs\MiKTeX\tex/latex/epstopdf-pkg\eps
topdf-base.sty
Package: epstopdf-base 2020-01-24 v2.11 Base part for package epstopdf
Package epstopdf-base Info: Redefining graphics rule for `.eps' on input line 4
85.

(C:\Users\Angel daniel\AppData\Local\Programs\MiKTeX\tex/latex/00miktex\epstopd
f-sys.cfg
File: epstopdf-sys.cfg 2021/03/18 v2.0 Configuration of epstopdf for MiKTeX
))
Package hyperref Info: Link coloring OFF on input line 22.
\@outlinefile=\write3
\openout3 = `supporting_materials.out'.


*geometry* driver: auto-detecting
*geometry* detected driver: pdftex
*geometry* verbose mode - [ preamble ] result:
* driver: pdftex
* paper: <default>
* layout: <same size as paper>
* layoutoffset:(h,v)=(0.0pt,0.0pt)
* modes: 
* h-part:(L,W,R)=(71.13188pt, 472.03123pt, 71.13188pt)
* v-part:(T,H,B)=(71.13188pt, 652.70622pt, 71.13188pt)
* \paperwidth=614.295pt
* \paperheight=794.96999pt
* \textwidth=472.03123pt
* \textheight=652.70622pt
* \oddsidemargin=-1.1381pt
* \evensidemargin=-1.1381pt
* \topmargin=-38.1381pt
* \headheight=12.0pt
* \headsep=25.0pt
* \topskip=12.0pt
* \footskip=30.0pt
* \marginparwidth=44.0pt
* \marginparsep=10.0pt
* \columnsep=10.0pt
* \skip\footins=10.8pt plus 4.0pt minus 2.0pt
* \hoffset=0.0pt
* \voffset=0.0pt
* \mag=1000
* \@twocolumnfalse
* \@twosidefalse
* \@mparswitchfalse
* \@reversemarginfalse
* (1in=72.27pt=25.4mm, 1cm=28.453pt)

[1

{C:/Users/Angel daniel/AppData/Local/MiKTeX/fonts/map/pdftex/pdftex.map}]
No file supporting_materials.toc.
\tf@toc=\write4
\openout4 = `supporting_materials.toc'.


pdfTeX warning (ext4): destination with the same identifier (name{page.1}) has 
been already used, duplicate ignored
<to be read again> 
                   \relax 
l.28 \chapter
             {Research Methodology Documentation} [1

]
Chapter 1.

Underfull \hbox (badness 3229) in paragraph at lines 72--72
[]|\OT1/cmr/m/n/12 Quantitative Met-
 []


Underfull \hbox (badness 5771) in paragraph at lines 72--72
[]|\OT1/cmr/m/n/12 Follower counts, en-gage-
 []


Underfull \hbox (badness 3954) in paragraph at lines 72--72
\OT1/cmr/m/n/12 ment rates, post-ing fre-
 []


Underfull \hbox (badness 6348) in paragraph at lines 72--72
\OT1/cmr/m/n/12 quency, plat-form per-for-
 []


Underfull \hbox (badness 10000) in paragraph at lines 72--73
[]|\OT1/cmr/m/n/12 Platform APIs, man-ual
 []


Underfull \hbox (badness 3612) in paragraph at lines 72--73
\OT1/cmr/m/n/12 data col-lec-tion, an-a-lyt-ics
 []


Underfull \hbox (badness 1577) in paragraph at lines 73--73
\OT1/cmr/m/n/12 iden-ti-fi-ca-tion, theme cod-
 []


Underfull \hbox (badness 7308) in paragraph at lines 73--74
[]|\OT1/cmr/m/n/12 Direct plat-form ob-ser-va-
 []


Underfull \hbox (badness 10000) in paragraph at lines 74--74
[]|\OT1/cmr/m/n/12 Comparative
 []


Underfull \hbox (badness 10000) in paragraph at lines 74--74
[]|\OT1/cmr/m/n/12 Performance com-par-i-
 []


Underfull \hbox (badness 10000) in paragraph at lines 74--74
\OT1/cmr/m/n/12 son across in-sti-tu-tions,
 []


Underfull \hbox (badness 2495) in paragraph at lines 74--74
\OT1/cmr/m/n/12 gap anal-y-sis, com-pet-i-tive
 []


Underfull \hbox (badness 3375) in paragraph at lines 75--75
[]|\OT1/cmr/m/n/12 Trend iden-ti-fi-ca-tion, sea-
 []


Underfull \hbox (badness 10000) in paragraph at lines 76--76
[]|\OT1/cmr/m/n/12 Strategic As-sess-
 []


Underfull \hbox (badness 1552) in paragraph at lines 76--76
[]|\OT1/cmr/m/n/12 Resource eval-u-a-tion, ROI
 []

[2

]
Overfull \hbox (9.00423pt too wide) in paragraph at lines 102--102
[]|\OT1/cmr/bx/n/12 Enrollment| 
 []


Overfull \hbox (4.72643pt too wide) in paragraph at lines 102--102
[]|\OT1/cmr/bx/n/12 Selectivity| 
 []


Underfull \hbox (badness 10000) in paragraph at lines 102--103
[]|\OT1/cmr/bx/n/12 Digital
 []


Overfull \hbox (9.00423pt too wide) in paragraph at lines 109--109
[]|\OT1/cmr/bx/n/12 Enrollment| 
 []


Overfull \hbox (4.72643pt too wide) in paragraph at lines 109--109
[]|\OT1/cmr/bx/n/12 Selectivity| 
 []


Underfull \hbox (badness 10000) in paragraph at lines 109--110
[]|\OT1/cmr/bx/n/12 Digital
 []


Underfull \hbox (badness 1097) in paragraph at lines 120--120
[]|\OT1/cmr/m/n/12 Yeshiva Uni-ver-
 []


Underfull \hbox (badness 10000) in paragraph at lines 122--122
[]|\OT1/cmr/m/n/12 Columbia Uni-
 []


Overfull \hbox (8.36743pt too wide) in paragraph at lines 123--124
[]|\OT1/cmr/m/n/12 Intermediate| 
 []


Underfull \hbox (badness 10000) in paragraph at lines 124--124
[]|\OT1/cmr/m/n/12 Brandeis Uni-
 []


Overfull \hbox (8.36743pt too wide) in paragraph at lines 124--125
[]|\OT1/cmr/m/n/12 Intermediate| 
 []

[3]
Underfull \hbox (badness 6725) in paragraph at lines 148--148
[]|\OT1/cmr/bx/n/12 Metric Cat-e-
 []


Underfull \hbox (badness 10000) in paragraph at lines 148--148
[]|\OT1/cmr/bx/n/12 Collection
 []


Underfull \hbox (badness 10000) in paragraph at lines 167--167
[]|\OT1/cmr/m/n/12 Engagement
 []


Underfull \hbox (badness 10000) in paragraph at lines 168--168
[]|\OT1/cmr/m/n/12 Posting Fre-
 []


Underfull \hbox (badness 1571) in paragraph at lines 169--169
[]|\OT1/cmr/m/n/12 Content Per-for-
 []


Underfull \hbox (badness 10000) in paragraph at lines 170--170
[]|\OT1/cmr/m/n/12 Platform Met-
 []

[4]
Underfull \hbox (badness 6825) in paragraph at lines 191--191
[]|\OT1/cmr/bx/n/12 Coding Di-men-
 []


Underfull \hbox (badness 2237) in paragraph at lines 212--212
[]|\OT1/cmr/m/n/12 Voice Char-ac-ter-is-
 []


Underfull \hbox (badness 10000) in paragraph at lines 214--214
[]|\OT1/cmr/m/n/12 Messaging Ap-
 []


Underfull \hbox (badness 10000) in paragraph at lines 215--215
[]|\OT1/cmr/m/n/12 Engagement Fea-
 []

[5]

! LaTeX Error: Unicode character κ (U+03BA)
               not set up for use with LaTeX.

See the LaTeX manual or LaTeX Companion for explanation.
Type  H <return>  for immediate help.
 ...                                              
                                                  
l.226 \item Content Category: κ
                                 = 0.89 (excellent agreement)
You may provide a definition with
\DeclareUnicodeCharacter 


! LaTeX Error: Unicode character κ (U+03BA)
               not set up for use with LaTeX.

See the LaTeX manual or LaTeX Companion for explanation.
Type  H <return>  for immediate help.
 ...                                              
                                                  
l.227 \item Tone: κ
                     = 0.82 (excellent agreement)
You may provide a definition with
\DeclareUnicodeCharacter 


! LaTeX Error: Unicode character κ (U+03BA)
               not set up for use with LaTeX.

See the LaTeX manual or LaTeX Companion for explanation.
Type  H <return>  for immediate help.
 ...                                              
                                                  
l.228 \item Visual Style: κ
                             = 0.76 (substantial agreement)
You may provide a definition with
\DeclareUnicodeCharacter 


! LaTeX Error: Unicode character κ (U+03BA)
               not set up for use with LaTeX.

See the LaTeX manual or LaTeX Companion for explanation.
Type  H <return>  for immediate help.
 ...                                              
                                                  
l.229 \item Production Quality: κ
                                   = 0.71 (substantial agreement)
You may provide a definition with
\DeclareUnicodeCharacter 


! LaTeX Error: Unicode character κ (U+03BA)
               not set up for use with LaTeX.

See the LaTeX manual or LaTeX Companion for explanation.
Type  H <return>  for immediate help.
 ...                                              
                                                  
l.232 ...mensions exceeded minimum threshold of κ
                                                   = 0.70, indicating accept...

You may provide a definition with
\DeclareUnicodeCharacter 


Underfull \hbox (badness 10000) in paragraph at lines 271--272
[]|\OT1/cmr/m/n/12 Characterize per-for-mance
 []


Underfull \hbox (badness 2326) in paragraph at lines 272--272
[]|\OT1/cmr/m/n/12 Mean en-gage-ment rate
 []


Underfull \hbox (badness 10000) in paragraph at lines 272--273
[]|\OT1/cmr/m/n/12 Assess sta-tis-ti-cal sig-nif-
 []


Underfull \hbox (badness 10000) in paragraph at lines 272--273
\OT1/cmr/m/n/12 i-cance of per-for-mance
 []


Underfull \hbox (badness 3088) in paragraph at lines 273--274
[]|\OT1/cmr/m/n/12 Identify sig-nif-i-cant dif-fer-
 []


Underfull \hbox (badness 10000) in paragraph at lines 274--274
[]|\OT1/cmr/m/n/12 Relationship be-tween
 []


Underfull \hbox (badness 6741) in paragraph at lines 274--274
\OT1/cmr/m/n/12 vari-ables (post-ing fre-
 []


Underfull \hbox (badness 3118) in paragraph at lines 275--275
[]|\OT1/cmr/m/n/12 Predictive mod-el-ing of
 []

[6] [7] [8]
Chapter 2.

Underfull \hbox (badness 1097) in paragraph at lines 332--332
[]|\OT1/cmr/m/n/12 Yeshiva Uni-ver-
 []


Underfull \hbox (badness 1097) in paragraph at lines 333--333
[]|\OT1/cmr/m/n/12 Yeshiva Uni-ver-
 []


Underfull \hbox (badness 1097) in paragraph at lines 334--334
[]|\OT1/cmr/m/n/12 Yeshiva Uni-ver-
 []


Underfull \hbox (badness 1097) in paragraph at lines 335--335
[]|\OT1/cmr/m/n/12 Yeshiva Uni-ver-
 []


Underfull \hbox (badness 10000) in paragraph at lines 340--341
[]|\OT1/cmr/m/n/12 linkedin.com/school/new-york-
 []


Underfull \hbox (badness 10000) in paragraph at lines 343--343
[]|\OT1/cmr/m/n/12 Columbia Uni-
 []


Underfull \hbox (badness 10000) in paragraph at lines 344--344
[]|\OT1/cmr/m/n/12 Columbia Uni-
 []


Underfull \hbox (badness 10000) in paragraph at lines 345--345
[]|\OT1/cmr/m/n/12 Columbia Uni-
 []


Underfull \hbox (badness 10000) in paragraph at lines 346--346
[]|\OT1/cmr/m/n/12 Columbia Uni-
 []


Underfull \hbox (badness 10000) in paragraph at lines 346--347
[]|\OT1/cmr/m/n/12 linkedin.com/school/columbia-
 []


Underfull \hbox (badness 10000) in paragraph at lines 347--347
[]|\OT1/cmr/m/n/12 Columbia Uni-
 []


Underfull \hbox (badness 10000) in paragraph at lines 355--355
[]|\OT1/cmr/m/n/12 Brandeis Uni-
 []


Underfull \hbox (badness 10000) in paragraph at lines 356--356
[]|\OT1/cmr/m/n/12 Brandeis Uni-
 []


Underfull \hbox (badness 10000) in paragraph at lines 357--357
[]|\OT1/cmr/m/n/12 Brandeis Uni-
 []


Underfull \hbox (badness 10000) in paragraph at lines 358--358
[]|\OT1/cmr/m/n/12 Brandeis Uni-
 []


Underfull \hbox (badness 10000) in paragraph at lines 358--359
[]|\OT1/cmr/m/n/12 linkedin.com/school/brandeis-
 []


Underfull \hbox (badness 10000) in paragraph at lines 359--359
[]|\OT1/cmr/m/n/12 Brandeis Uni-
 []


Underfull \hbox (badness 10000) in paragraph at lines 364--365
[]|\OT1/cmr/m/n/12 linkedin.com/school/university-of-
 []

[9

]
Underfull \hbox (badness 10000) in paragraph at lines 375--375
[]|\OT1/cmr/bx/n/12 Collection
 []


Underfull \hbox (badness 10000) in paragraph at lines 393--393
[]|\OT1/cmr/m/n/12 October 12,
 []


Underfull \hbox (badness 10000) in paragraph at lines 394--394
[]|\OT1/cmr/m/n/12 Recent En-gage-ment
 []


Underfull \hbox (badness 10000) in paragraph at lines 394--394
[]|\OT1/cmr/m/n/12 October 1-12,
 []


Underfull \hbox (badness 10000) in paragraph at lines 395--395
[]|\OT1/cmr/m/n/12 April-October
 []


Underfull \hbox (badness 10000) in paragraph at lines 396--396
[]|\OT1/cmr/m/n/12 Posting Fre-quency
 []


Underfull \hbox (badness 7238) in paragraph at lines 397--397
[]|\OT1/cmr/m/n/12 Industry Bench-mark
 []


Underfull \hbox (badness 10000) in paragraph at lines 397--397
[]|\OT1/cmr/m/n/12 August-
 []


Underfull \hbox (badness 10000) in paragraph at lines 397--397
\OT1/cmr/m/n/12 September
 []

[10] [11]
Overfull \hbox (8.08687pt too wide) in paragraph at lines 422--423
[]\OT1/cmr/bx/n/12 Buffer (2025). \OT1/cmr/m/n/12 State of So-cial Me-dia 2025.
 Buffer Inc. Re-trieved from buffer.com/state-
 []


Underfull \hbox (badness 1210) in paragraph at lines 468--469
[]|\OT1/cmr/m/n/12 Platform per-for-mance track-ing,
 []


Underfull \hbox (badness 10000) in paragraph at lines 469--469
[]|\OT1/cmr/m/n/12 Competitive
 []


Underfull \hbox (badness 10000) in paragraph at lines 471--471
[]|\OT1/cmr/m/n/12 Python (pan-das,
 []


Underfull \hbox (badness 1661) in paragraph at lines 472--472
[]|\OT1/cmr/m/n/12 Statistical com-
 []


Underfull \hbox (badness 3601) in paragraph at lines 472--473
[]|\OT1/cmr/m/n/12 Advanced sta-tis-ti-cal mod-el-ing,
 []


Underfull \hbox (badness 10000) in paragraph at lines 473--473
[]|\OT1/cmr/m/n/12 Data man-age-
 []


Underfull \hbox (badness 1092) in paragraph at lines 474--474
[]|\OT1/cmr/m/n/12 Statistical anal-
 []


Underfull \hbox (badness 7081) in paragraph at lines 475--475
[]|\OT1/cmr/m/n/12 Data vi-su-al-iza-
 []


Underfull \hbox (badness 10000) in paragraph at lines 476--476
[]|\OT1/cmr/m/n/12 Qualitative
 []

[12] [13]
Chapter 3.

Underfull \hbox (badness 10000) in paragraph at lines 508--508
[]|\OT1/cmr/m/n/12 Post En-gage-ment
 []


Underfull \hbox (badness 10000) in paragraph at lines 509--509
[]|\OT1/cmr/m/n/12 Average En-gage-
 []


Underfull \hbox (badness 10000) in paragraph at lines 514--514
[]|\OT1/cmr/m/n/12 Comment Re-
 []


Underfull \hbox (badness 3769) in paragraph at lines 515--515
[]|\OT1/cmr/m/n/12 Video Com-ple-tion
 []


Underfull \hbox (badness 10000) in paragraph at lines 516--516
[]|\OT1/cmr/m/n/12 Story Com-ple-tion
 []

[14

]
Underfull \hbox (badness 10000) in paragraph at lines 543--543
[]|\OT1/cmr/m/n/12 Follower Growth
 []


Underfull \hbox (badness 10000) in paragraph at lines 544--544
[]|\OT1/cmr/m/n/12 Weekly Growth
 []


Underfull \hbox (badness 10000) in paragraph at lines 545--545
[]|\OT1/cmr/m/n/12 Monthly Growth
 []


Underfull \hbox (badness 10000) in paragraph at lines 546--546
[]|\OT1/cmr/m/n/12 Net Fol-lower
 []


Underfull \hbox (badness 10000) in paragraph at lines 578--578
[]|\OT1/cmr/m/n/12 Format Dis-tri-bu-
 []


Underfull \hbox (badness 6477) in paragraph at lines 579--579
[]|\OT1/cmr/m/n/12 Content Cat-e-gory
 []


Underfull \hbox (badness 10000) in paragraph at lines 580--580
[]|\OT1/cmr/m/n/12 Average Post
 []


Underfull \hbox (badness 10000) in paragraph at lines 581--581
[]|\OT1/cmr/m/n/12 Hashtag Us-age
 []


Underfull \hbox (badness 7595) in paragraph at lines 583--583
[]|\OT1/cmr/m/n/12 Content Di-ver-sity
 []

[15]
Underfull \hbox (badness 10000) in paragraph at lines 610--610
[]|\OT1/cmr/m/n/12 Visual Co-he-sion
 []


Underfull \hbox (badness 4995) in paragraph at lines 614--614
[]|\OT1/cmr/m/n/12 Comment Qual-ity
 []


Underfull \hbox (badness 3769) in paragraph at lines 615--615
[]|\OT1/cmr/m/n/12 Community In-ter-
 []

[16]
Chapter 4.

Overfull \hbox (11.68062pt too wide) in paragraph at lines 627--627
[]|\OT1/cmr/bx/n/12 Followers| 
 []


Overfull \hbox (13.24449pt too wide) in paragraph at lines 627--627
[]|\OT1/cmr/bx/n/12 Following| 
 []


Underfull \hbox (badness 10000) in paragraph at lines 627--627
[]|\OT1/cmr/bx/n/12 Avg
 []


Underfull \hbox (badness 10000) in paragraph at lines 627--627
[]|\OT1/cmr/bx/n/12 Avg
 []


Underfull \hbox (badness 10000) in paragraph at lines 627--627
\OT1/cmr/bx/n/12 Com-
 []


Underfull \hbox (badness 10000) in paragraph at lines 627--628
[]|\OT1/cmr/bx/n/12 Eng
 []


Overfull \hbox (11.68062pt too wide) in paragraph at lines 634--634
[]|\OT1/cmr/bx/n/12 Followers| 
 []


Overfull \hbox (13.24449pt too wide) in paragraph at lines 634--634
[]|\OT1/cmr/bx/n/12 Following| 
 []


Overfull \hbox (20.1806pt too wide) in paragraph at lines 634--634
[]|\OT1/cmr/bx/n/12 Comments| 
 []


Underfull \hbox (badness 10000) in paragraph at lines 634--635
[]|\OT1/cmr/bx/n/12 Eng
 []


Underfull \hbox (badness 10000) in paragraph at lines 656--656
[]|\OT1/cmr/bx/n/12 Total
 []


Underfull \hbox (badness 10000) in paragraph at lines 656--656
[]|\OT1/cmr/bx/n/12 Total
 []


Underfull \hbox (badness 10000) in paragraph at lines 656--656
[]|\OT1/cmr/bx/n/12 Avg
 []


Underfull \hbox (badness 10000) in paragraph at lines 663--663
[]|\OT1/cmr/bx/n/12 Avg
 []

[17

]
Underfull \hbox (badness 10000) in paragraph at lines 687--687
[]|\OT1/cmr/bx/n/12 Reels
 []


Overfull \hbox (17.16791pt too wide) in paragraph at lines 687--687
[]|\OT1/cmr/bx/n/12 Carousel
 []


Underfull \hbox (badness 10000) in paragraph at lines 687--687
[]|\OT1/cmr/bx/n/12 Story
 []


Overfull \hbox (8.25952pt too wide) in paragraph at lines 687--687
[]|\OT1/cmr/bx/n/12 TikTok
 []


Underfull \hbox (badness 10000) in paragraph at lines 687--687
[]|\OT1/cmr/bx/n/12 Reels
 []


Overfull \hbox (17.16791pt too wide) in paragraph at lines 694--694
[]|\OT1/cmr/bx/n/12 Carousel| 
 []


Overfull \hbox (8.25952pt too wide) in paragraph at lines 694--694
[]|\OT1/cmr/bx/n/12 TikTok| 
 []


Overfull \hbox (8.57068pt too wide) in paragraph at lines 694--694
[]|\OT1/cmr/bx/n/12 Reels%| 
 []


Overfull \hbox (11.46094pt too wide) in paragraph at lines 694--695
[]|\OT1/cmr/bx/n/12 Video%| 
 []


Underfull \hbox (badness 10000) in paragraph at lines 718--718
[]|\OT1/cmr/bx/n/12 May
 []


Underfull \hbox (badness 10000) in paragraph at lines 718--718
[]|\OT1/cmr/bx/n/12 June
 []


Underfull \hbox (badness 10000) in paragraph at lines 718--718
[]|\OT1/cmr/bx/n/12 July
 []


Underfull \hbox (badness 10000) in paragraph at lines 718--718
[]|\OT1/cmr/bx/n/12 Aug
 []


Underfull \hbox (badness 10000) in paragraph at lines 718--719
[]|\OT1/cmr/bx/n/12 Sept
 []


Underfull \hbox (badness 10000) in paragraph at lines 736--736
[]|\OT1/cmr/m/n/12 YU In-sta-
 []


Underfull \hbox (badness 10000) in paragraph at lines 737--737
[]|\OT1/cmr/m/n/12 NYU In-sta-
 []


Underfull \hbox (badness 5817) in paragraph at lines 740--740
[]|\OT1/cmr/m/n/12 Brandeis In-
 []

[18]
Chapter 5.
[19

] [20] [21]
Chapter 6.

Underfull \hbox (badness 10000) in paragraph at lines 845--845
[]|\OT1/cmr/m/n/12 Platform-Native
 []


Underfull \hbox (badness 10000) in paragraph at lines 852--852
[]|\OT1/cmr/m/n/12 Video-First Plat-
 []

[22

] [23]
Chapter 7.

Overfull \hbox (3.75114pt too wide) in paragraph at lines 875--876
[]\OT1/cmr/bx/n/12 Production Qual-ity: \OT1/cmr/m/n/12 8.5/10 (ex-cel-lent mo-
bile cin-e-matog-ra-phy, cre-ative edit-ing, trend-
 []

[24

]
Underfull \hbox (badness 7777) in paragraph at lines 905--905
[]|\OT1/cmr/bx/n/12 Coder 1
 []


Underfull \hbox (badness 7777) in paragraph at lines 905--905
[]|\OT1/cmr/bx/n/12 Coder 2
 []


Underfull \hbox (badness 7777) in paragraph at lines 905--905
[]|\OT1/cmr/bx/n/12 Coder 1
 []


Underfull \hbox (badness 7777) in paragraph at lines 905--905
[]|\OT1/cmr/bx/n/12 Coder 2
 []


Overfull \hbox (7.65698pt too wide) in paragraph at lines 905--906
[]|\OT1/cmr/bx/n/12 Agreement| 
 []


Overfull \hbox (7.65698pt too wide) in paragraph at lines 912--913
[]|\OT1/cmr/bx/n/12 Agreement| 
 []


Underfull \hbox (badness 10000) in paragraph at lines 923--923
[]|\OT1/cmr/m/n/12 Student
 []


Underfull \hbox (badness 10000) in paragraph at lines 923--923
[]|\OT1/cmr/m/n/12 Student
 []


Underfull \hbox (badness 10000) in paragraph at lines 924--924
[]|\OT1/cmr/m/n/12 Semi-
 []


Overfull \hbox (3.47581pt too wide) in paragraph at lines 925--925
[]|\OT1/cmr/m/n/12 Celebratory| 
 []


Overfull \hbox (3.47581pt too wide) in paragraph at lines 925--925
[]|\OT1/cmr/m/n/12 Celebratory| 
 []


Underfull \hbox (badness 10000) in paragraph at lines 928--928
[]|\OT1/cmr/m/n/12 Student
 []


Underfull \hbox (badness 10000) in paragraph at lines 928--928
[]|\OT1/cmr/m/n/12 Student
 []

[25]
Chapter 8.
[26

] (supporting_materials.aux)
 ***********
LaTeX2e <2023-11-01> patch level 1
L3 programming layer <2024-01-04>
 ***********


Package rerunfilecheck Warning: File `supporting_materials.out' has changed.
(rerunfilecheck)                Rerun to get outlines right
(rerunfilecheck)                or use package `bookmark'.

Package rerunfilecheck Info: Checksums for `supporting_materials.out':
(rerunfilecheck)             Before: <no file>
(rerunfilecheck)             After:  D1410D78DE7EFC52D95604E3EE696BE7;9523.
 ) 
Here is how much of TeX's memory you used:
 10964 strings out of 474486
 174864 string characters out of 5740415
 1952542 words of memory out of 5000000
 33014 multiletter control sequences out of 15000+600000
 562540 words of font info for 51 fonts, out of 8000000 for 9000
 1141 hyphenation exceptions out of 8191
 75i,6n,79p,406b,567s stack positions out of 10000i,1000n,20000p,200000b,200000s
 <C:\Users\Angel daniel\AppData\Local\MiKTeX\fonts/pk/ljfour/jknappen/ec/dpi6
00\tcrm1200.pk><C:/Users/Angel daniel/AppData/Local/Programs/MiKTeX/fonts/type1
/public/amsfonts/cm/cmbx12.pfb><C:/Users/Angel daniel/AppData/Local/Programs/Mi
KTeX/fonts/type1/public/amsfonts/cm/cmr12.pfb><C:/Users/Angel daniel/AppData/Lo
cal/Programs/MiKTeX/fonts/type1/public/amsfonts/cm/cmti12.pfb>
Output written on supporting_materials.pdf (27 pages, 123091 bytes).
PDF statistics:
 254 PDF objects out of 1000 (max. 8388607)
 117 named destinations out of 1000 (max. 500000)
 1 words of extra memory for PDF output out of 10000 (max. 10000000)

