\BOOKMARK [0][-]{chapter.1}{\376\377\000I\000n\000t\000r\000o\000d\000u\000c\000t\000i\000o\000n\000\040\000t\000o\000\040\000Q\000u\000a\000l\000i\000t\000a\000t\000i\000v\000e\000\040\000A\000n\000a\000l\000y\000s\000i\000s\000\040\000F\000r\000a\000m\000e\000w\000o\000r\000k}{}% 1
\BOOKMARK [1][-]{section.1.1}{\376\377\000R\000e\000s\000e\000a\000r\000c\000h\000\040\000M\000e\000t\000h\000o\000d\000o\000l\000o\000g\000y\000\040\000a\000n\000d\000\040\000A\000n\000a\000l\000y\000t\000i\000c\000a\000l\000\040\000F\000r\000a\000m\000e\000w\000o\000r\000k}{chapter.1}% 2
\BOOKMARK [0][-]{chapter.2}{\376\377\000C\000o\000n\000t\000e\000n\000t\000\040\000S\000t\000r\000a\000t\000e\000g\000y\000\040\000A\000n\000a\000l\000y\000s\000i\000s\000\040\000a\000n\000d\000\040\000T\000h\000e\000m\000a\000t\000i\000c\000\040\000P\000a\000t\000t\000e\000r\000n\000s}{}% 3
\BOOKMARK [1][-]{section.2.1}{\376\377\000C\000o\000n\000t\000e\000n\000t\000\040\000C\000a\000t\000e\000g\000o\000r\000y\000\040\000D\000i\000s\000t\000r\000i\000b\000u\000t\000i\000o\000n\000\040\000a\000n\000d\000\040\000S\000t\000r\000a\000t\000e\000g\000i\000c\000\040\000F\000o\000c\000u\000s}{chapter.2}% 4
\BOOKMARK [1][-]{section.2.2}{\376\377\000T\000h\000e\000m\000a\000t\000i\000c\000\040\000A\000n\000a\000l\000y\000s\000i\000s\000\040\000a\000n\000d\000\040\000N\000a\000r\000r\000a\000t\000i\000v\000e\000\040\000P\000a\000t\000t\000e\000r\000n\000s}{chapter.2}% 5
\BOOKMARK [0][-]{chapter.3}{\376\377\000T\000o\000n\000e\000\040\000a\000n\000d\000\040\000V\000o\000i\000c\000e\000\040\000A\000n\000a\000l\000y\000s\000i\000s}{}% 6
\BOOKMARK [1][-]{section.3.1}{\376\377\000V\000o\000i\000c\000e\000\040\000C\000h\000a\000r\000a\000c\000t\000e\000r\000i\000s\000t\000i\000c\000\040\000A\000s\000s\000e\000s\000s\000m\000e\000n\000t}{chapter.3}% 7
\BOOKMARK [1][-]{section.3.2}{\376\377\000M\000e\000s\000s\000a\000g\000i\000n\000g\000\040\000S\000t\000r\000a\000t\000e\000g\000y\000\040\000a\000n\000d\000\040\000C\000o\000m\000m\000u\000n\000i\000c\000a\000t\000i\000o\000n\000\040\000A\000p\000p\000r\000o\000a\000c\000h}{chapter.3}% 8
\BOOKMARK [0][-]{chapter.4}{\376\377\000V\000i\000s\000u\000a\000l\000\040\000I\000d\000e\000n\000t\000i\000t\000y\000\040\000a\000n\000d\000\040\000A\000e\000s\000t\000h\000e\000t\000i\000c\000\040\000A\000n\000a\000l\000y\000s\000i\000s}{}% 9
\BOOKMARK [1][-]{section.4.1}{\376\377\000V\000i\000s\000u\000a\000l\000\040\000S\000t\000y\000l\000e\000\040\000A\000s\000s\000e\000s\000s\000m\000e\000n\000t}{chapter.4}% 10
\BOOKMARK [1][-]{section.4.2}{\376\377\000C\000o\000l\000o\000r\000\040\000P\000a\000l\000e\000t\000t\000e\000\040\000a\000n\000d\000\040\000B\000r\000a\000n\000d\000\040\000I\000n\000t\000e\000g\000r\000a\000t\000i\000o\000n}{chapter.4}% 11
\BOOKMARK [0][-]{chapter.5}{\376\377\000C\000o\000n\000t\000e\000n\000t\000\040\000P\000r\000o\000d\000u\000c\000t\000i\000o\000n\000\040\000Q\000u\000a\000l\000i\000t\000y\000\040\000a\000n\000d\000\040\000T\000e\000c\000h\000n\000i\000c\000a\000l\000\040\000E\000x\000e\000c\000u\000t\000i\000o\000n}{}% 12
\BOOKMARK [1][-]{section.5.1}{\376\377\000T\000e\000c\000h\000n\000i\000c\000a\000l\000\040\000P\000r\000o\000d\000u\000c\000t\000i\000o\000n\000\040\000Q\000u\000a\000l\000i\000t\000y\000\040\000A\000s\000s\000e\000s\000s\000m\000e\000n\000t}{chapter.5}% 13
\BOOKMARK [1][-]{section.5.2}{\376\377\000C\000o\000n\000t\000e\000n\000t\000\040\000F\000o\000r\000m\000a\000t\000\040\000U\000t\000i\000l\000i\000z\000a\000t\000i\000o\000n\000\040\000A\000n\000a\000l\000y\000s\000i\000s}{chapter.5}% 14
\BOOKMARK [0][-]{chapter.6}{\376\377\000A\000u\000d\000i\000e\000n\000c\000e\000\040\000E\000n\000g\000a\000g\000e\000m\000e\000n\000t\000\040\000Q\000u\000a\000l\000i\000t\000y\000\040\000A\000n\000a\000l\000y\000s\000i\000s}{}% 15
\BOOKMARK [1][-]{section.6.1}{\376\377\000C\000o\000m\000m\000e\000n\000t\000\040\000Q\000u\000a\000l\000i\000t\000y\000\040\000a\000n\000d\000\040\000S\000e\000n\000t\000i\000m\000e\000n\000t\000\040\000A\000n\000a\000l\000y\000s\000i\000s}{chapter.6}% 16
\BOOKMARK [1][-]{section.6.2}{\376\377\000E\000n\000g\000a\000g\000e\000m\000e\000n\000t\000\040\000P\000a\000t\000t\000e\000r\000n\000\040\000A\000n\000a\000l\000y\000s\000i\000s}{chapter.6}% 17
\BOOKMARK [0][-]{chapter.7}{\376\377\000C\000o\000n\000t\000e\000n\000t\000\040\000C\000a\000l\000e\000n\000d\000a\000r\000\040\000a\000n\000d\000\040\000P\000o\000s\000t\000i\000n\000g\000\040\000S\000t\000r\000a\000t\000e\000g\000y\000\040\000A\000n\000a\000l\000y\000s\000i\000s}{}% 18
\BOOKMARK [1][-]{section.7.1}{\376\377\000P\000o\000s\000t\000i\000n\000g\000\040\000F\000r\000e\000q\000u\000e\000n\000c\000y\000\040\000a\000n\000d\000\040\000C\000o\000n\000s\000i\000s\000t\000e\000n\000c\000y}{chapter.7}% 19
\BOOKMARK [0][-]{chapter.8}{\376\377\000C\000o\000m\000p\000e\000t\000i\000t\000i\000v\000e\000\040\000P\000o\000s\000i\000t\000i\000o\000n\000i\000n\000g\000\040\000a\000n\000d\000\040\000D\000i\000f\000f\000e\000r\000e\000n\000t\000i\000a\000t\000i\000o\000n\000\040\000A\000n\000a\000l\000y\000s\000i\000s}{}% 20
\BOOKMARK [1][-]{section.8.1}{\376\377\000U\000n\000i\000q\000u\000e\000\040\000V\000a\000l\000u\000e\000\040\000P\000r\000o\000p\000o\000s\000i\000t\000i\000o\000n\000\040\000a\000n\000d\000\040\000D\000i\000f\000f\000e\000r\000e\000n\000t\000i\000a\000t\000i\000o\000n}{chapter.8}% 21
\BOOKMARK [1][-]{section.8.2}{\376\377\000S\000t\000r\000a\000t\000e\000g\000i\000c\000\040\000R\000e\000c\000o\000m\000m\000e\000n\000d\000a\000t\000i\000o\000n\000\040\000S\000u\000m\000m\000a\000r\000y}{chapter.8}% 22
\BOOKMARK [0][-]{chapter.9}{\376\377\000S\000u\000m\000m\000a\000r\000y\000\040\000a\000n\000d\000\040\000S\000t\000r\000a\000t\000e\000g\000i\000c\000\040\000I\000m\000p\000l\000i\000c\000a\000t\000i\000o\000n\000s}{}% 23
