\BOOKMARK [0][-]{chapter.1}{\376\377\000E\000x\000e\000c\000u\000t\000i\000v\000e\000\040\000O\000v\000e\000r\000v\000i\000e\000w\000\040\000o\000f\000\040\000S\000t\000r\000a\000t\000e\000g\000i\000c\000\040\000R\000e\000c\000o\000m\000m\000e\000n\000d\000a\000t\000i\000o\000n\000s}{}% 1
\BOOKMARK [1][-]{section.1.1}{\376\377\000S\000t\000r\000a\000t\000e\000g\000i\000c\000\040\000P\000r\000i\000o\000r\000i\000t\000y\000\040\000F\000r\000a\000m\000e\000w\000o\000r\000k}{chapter.1}% 2
\BOOKMARK [0][-]{chapter.2}{\376\377\000P\000h\000a\000s\000e\000\040\0001\000:\000\040\000F\000o\000u\000n\000d\000a\000t\000i\000o\000n\000\040\000B\000u\000i\000l\000d\000i\000n\000g\000\040\000\050\000M\000o\000n\000t\000h\000s\000\040\0001\000-\0006\000\051}{}% 3
\BOOKMARK [1][-]{section.2.1}{\376\377\000C\000r\000i\000t\000i\000c\000a\000l\000\040\000I\000n\000i\000t\000i\000a\000t\000i\000v\000e\000\040\0001\000:\000\040\000T\000i\000k\000T\000o\000k\000\040\000P\000l\000a\000t\000f\000o\000r\000m\000\040\000L\000a\000u\000n\000c\000h}{chapter.2}% 4
\BOOKMARK [1][-]{section.2.2}{\376\377\000C\000r\000i\000t\000i\000c\000a\000l\000\040\000I\000n\000i\000t\000i\000a\000t\000i\000v\000e\000\040\0002\000:\000\040\000V\000i\000d\000e\000o\000\040\000C\000o\000n\000t\000e\000n\000t\000\040\000S\000t\000r\000a\000t\000e\000g\000y\000\040\000E\000n\000h\000a\000n\000c\000e\000m\000e\000n\000t}{chapter.2}% 5
\BOOKMARK [1][-]{section.2.3}{\376\377\000H\000i\000g\000h\000-\000P\000r\000i\000o\000r\000i\000t\000y\000\040\000I\000n\000i\000t\000i\000a\000t\000i\000v\000e\000\040\0003\000:\000\040\000T\000e\000a\000m\000\040\000E\000x\000p\000a\000n\000s\000i\000o\000n\000\040\000a\000n\000d\000\040\000C\000a\000p\000a\000b\000i\000l\000i\000t\000y\000\040\000D\000e\000v\000e\000l\000o\000p\000m\000e\000n\000t}{chapter.2}% 6
\BOOKMARK [1][-]{section.2.4}{\376\377\000H\000i\000g\000h\000-\000P\000r\000i\000o\000r\000i\000t\000y\000\040\000I\000n\000i\000t\000i\000a\000t\000i\000v\000e\000\040\0004\000:\000\040\000A\000d\000v\000a\000n\000c\000e\000d\000\040\000A\000n\000a\000l\000y\000t\000i\000c\000s\000\040\000I\000m\000p\000l\000e\000m\000e\000n\000t\000a\000t\000i\000o\000n}{chapter.2}% 7
\BOOKMARK [1][-]{section.2.5}{\376\377\000P\000h\000a\000s\000e\000\040\0001\000\040\000S\000u\000m\000m\000a\000r\000y\000\040\000a\000n\000d\000\040\000S\000u\000c\000c\000e\000s\000s\000\040\000M\000e\000t\000r\000i\000c\000s}{chapter.2}% 8
\BOOKMARK [0][-]{chapter.3}{\376\377\000P\000h\000a\000s\000e\000\040\0002\000:\000\040\000O\000p\000t\000i\000m\000i\000z\000a\000t\000i\000o\000n\000\040\000a\000n\000d\000\040\000G\000r\000o\000w\000t\000h\000\040\000\050\000M\000o\000n\000t\000h\000s\000\040\0007\000-\0001\0002\000\051}{}% 9
\BOOKMARK [1][-]{section.3.1}{\376\377\000C\000o\000n\000t\000e\000n\000t\000\040\000S\000t\000r\000a\000t\000e\000g\000y\000\040\000R\000e\000f\000i\000n\000e\000m\000e\000n\000t}{chapter.3}% 10
\BOOKMARK [2][-]{subsection.3.1.1}{\376\377\000U\000s\000e\000r\000-\000G\000e\000n\000e\000r\000a\000t\000e\000d\000\040\000C\000o\000n\000t\000e\000n\000t\000\040\000P\000r\000o\000g\000r\000a\000m}{section.3.1}% 11
\BOOKMARK [2][-]{subsection.3.1.2}{\376\377\000A\000d\000v\000a\000n\000c\000e\000d\000\040\000S\000t\000o\000r\000y\000t\000e\000l\000l\000i\000n\000g\000\040\000a\000n\000d\000\040\000C\000o\000n\000t\000e\000n\000t\000\040\000S\000e\000r\000i\000e\000s}{section.3.1}% 12
\BOOKMARK [1][-]{section.3.2}{\376\377\000P\000r\000o\000d\000u\000c\000t\000i\000o\000n\000\040\000Q\000u\000a\000l\000i\000t\000y\000\040\000E\000n\000h\000a\000n\000c\000e\000m\000e\000n\000t}{chapter.3}% 13
\BOOKMARK [1][-]{section.3.3}{\376\377\000C\000o\000m\000m\000u\000n\000i\000t\000y\000\040\000D\000e\000v\000e\000l\000o\000p\000m\000e\000n\000t\000\040\000a\000n\000d\000\040\000E\000n\000g\000a\000g\000e\000m\000e\000n\000t}{chapter.3}% 14
\BOOKMARK [1][-]{section.3.4}{\376\377\000P\000h\000a\000s\000e\000\040\0002\000\040\000I\000n\000v\000e\000s\000t\000m\000e\000n\000t\000\040\000S\000u\000m\000m\000a\000r\000y}{chapter.3}% 15
\BOOKMARK [0][-]{chapter.4}{\376\377\000P\000h\000a\000s\000e\000\040\0003\000:\000\040\000E\000x\000c\000e\000l\000l\000e\000n\000c\000e\000\040\000a\000n\000d\000\040\000L\000e\000a\000d\000e\000r\000s\000h\000i\000p\000\040\000\050\000M\000o\000n\000t\000h\000s\000\040\0001\0003\000-\0001\0008\000\051}{}% 16
\BOOKMARK [1][-]{section.4.1}{\376\377\000A\000d\000v\000a\000n\000c\000e\000d\000\040\000P\000l\000a\000t\000f\000o\000r\000m\000\040\000S\000t\000r\000a\000t\000e\000g\000i\000e\000s}{chapter.4}% 17
\BOOKMARK [2][-]{subsection.4.1.1}{\376\377\000L\000i\000n\000k\000e\000d\000I\000n\000\040\000O\000p\000t\000i\000m\000i\000z\000a\000t\000i\000o\000n}{section.4.1}% 18
\BOOKMARK [2][-]{subsection.4.1.2}{\376\377\000Y\000o\000u\000T\000u\000b\000e\000\040\000S\000t\000r\000a\000t\000e\000g\000y\000\040\000D\000e\000v\000e\000l\000o\000p\000m\000e\000n\000t}{section.4.1}% 19
\BOOKMARK [1][-]{section.4.2}{\376\377\000P\000a\000i\000d\000\040\000A\000m\000p\000l\000i\000f\000i\000c\000a\000t\000i\000o\000n\000\040\000a\000n\000d\000\040\000G\000r\000o\000w\000t\000h\000\040\000A\000c\000c\000e\000l\000e\000r\000a\000t\000i\000o\000n}{chapter.4}% 20
\BOOKMARK [1][-]{section.4.3}{\376\377\000I\000n\000f\000l\000u\000e\000n\000c\000e\000r\000\040\000a\000n\000d\000\040\000P\000a\000r\000t\000n\000e\000r\000s\000h\000i\000p\000\040\000S\000t\000r\000a\000t\000e\000g\000y}{chapter.4}% 21
\BOOKMARK [1][-]{section.4.4}{\376\377\000A\000d\000v\000a\000n\000c\000e\000d\000\040\000A\000n\000a\000l\000y\000t\000i\000c\000s\000\040\000a\000n\000d\000\040\000A\000I\000\040\000I\000n\000t\000e\000g\000r\000a\000t\000i\000o\000n}{chapter.4}% 22
\BOOKMARK [1][-]{section.4.5}{\376\377\000P\000h\000a\000s\000e\000\040\0003\000\040\000I\000n\000v\000e\000s\000t\000m\000e\000n\000t\000\040\000S\000u\000m\000m\000a\000r\000y}{chapter.4}% 23
\BOOKMARK [0][-]{chapter.5}{\376\377\000C\000o\000m\000p\000r\000e\000h\000e\000n\000s\000i\000v\000e\000\040\0001\0008\000-\000M\000o\000n\000t\000h\000\040\000P\000r\000o\000g\000r\000a\000m\000\040\000S\000u\000m\000m\000a\000r\000y}{}% 24
\BOOKMARK [0][-]{chapter.6}{\376\377\000K\000e\000y\000\040\000P\000e\000r\000f\000o\000r\000m\000a\000n\000c\000e\000\040\000I\000n\000d\000i\000c\000a\000t\000o\000r\000s\000\040\000a\000n\000d\000\040\000S\000u\000c\000c\000e\000s\000s\000\040\000M\000e\000t\000r\000i\000c\000s}{}% 25
\BOOKMARK [1][-]{section.6.1}{\376\377\000P\000r\000i\000m\000a\000r\000y\000\040\000P\000e\000r\000f\000o\000r\000m\000a\000n\000c\000e\000\040\000M\000e\000t\000r\000i\000c\000s}{chapter.6}% 26
\BOOKMARK [1][-]{section.6.2}{\376\377\000S\000e\000c\000o\000n\000d\000a\000r\000y\000\040\000P\000e\000r\000f\000o\000r\000m\000a\000n\000c\000e\000\040\000M\000e\000t\000r\000i\000c\000s}{chapter.6}% 27
\BOOKMARK [1][-]{section.6.3}{\376\377\000Q\000u\000a\000r\000t\000e\000r\000l\000y\000\040\000M\000i\000l\000e\000s\000t\000o\000n\000e\000\040\000T\000r\000a\000c\000k\000i\000n\000g}{chapter.6}% 28
\BOOKMARK [0][-]{chapter.7}{\376\377\000R\000i\000s\000k\000\040\000A\000s\000s\000e\000s\000s\000m\000e\000n\000t\000\040\000a\000n\000d\000\040\000M\000i\000t\000i\000g\000a\000t\000i\000o\000n\000\040\000S\000t\000r\000a\000t\000e\000g\000i\000e\000s}{}% 29
\BOOKMARK [1][-]{section.7.1}{\376\377\000R\000i\000s\000k\000\040\000M\000a\000t\000r\000i\000x\000\040\000a\000n\000d\000\040\000M\000i\000t\000i\000g\000a\000t\000i\000o\000n\000\040\000P\000l\000a\000n\000s}{chapter.7}% 30
\BOOKMARK [0][-]{chapter.8}{\376\377\000C\000o\000n\000c\000l\000u\000s\000i\000o\000n\000\040\000a\000n\000d\000\040\000N\000e\000x\000t\000\040\000S\000t\000e\000p\000s}{}% 31
\BOOKMARK [1][-]{section.8.1}{\376\377\000C\000r\000i\000t\000i\000c\000a\000l\000\040\000S\000u\000c\000c\000e\000s\000s\000\040\000F\000a\000c\000t\000o\000r\000s}{chapter.8}% 32
\BOOKMARK [1][-]{section.8.2}{\376\377\000I\000m\000m\000e\000d\000i\000a\000t\000e\000\040\000N\000e\000x\000t\000\040\000S\000t\000e\000p\000s}{chapter.8}% 33
