This is pdfTeX, Version 3.141592653-2.6-1.40.25 (MiKTeX 24.1) (preloaded format=pdflatex 2025.10.8)  15 OCT 2025 14:50
entering extended mode
 restricted \write18 enabled.
 %&-line parsing enabled.
**./recommendations.tex
(recommendations.tex
LaTeX2e <2023-11-01> patch level 1
L3 programming layer <2024-01-04>
(C:\Users\Angel daniel\AppData\Local\Programs\MiKTeX\tex/latex/base\report.cls
Document Class: report 2023/05/17 v1.4n Standard LaTeX document class
(C:\Users\Angel daniel\AppData\Local\Programs\MiKTeX\tex/latex/base\size12.clo
File: size12.clo 2023/05/17 v1.4n Standard LaTeX file (size option)
)
\c@part=\count187
\c@chapter=\count188
\c@section=\count189
\c@subsection=\count190
\c@subsubsection=\count191
\c@paragraph=\count192
\c@subparagraph=\count193
\c@figure=\count194
\c@table=\count195
\abovecaptionskip=\skip48
\belowcaptionskip=\skip49
\bibindent=\dimen140
)
(C:\Users\Angel daniel\AppData\Local\Programs\MiKTeX\tex/latex/base\inputenc.st
y
Package: inputenc 2021/02/14 v1.3d Input encoding file
\inpenc@prehook=\toks17
\inpenc@posthook=\toks18
)
(C:\Users\Angel daniel\AppData\Local\Programs\MiKTeX\tex/generic/babel\babel.st
y
Package: babel 2024/01/07 v24.1 The Babel package
\babel@savecnt=\count196
\U@D=\dimen141
\l@unhyphenated=\language79

(C:\Users\Angel daniel\AppData\Local\Programs\MiKTeX\tex/generic/babel\txtbabel
.def)
\bbl@readstream=\read2
\bbl@dirlevel=\count197

*************************************
* Local config file bblopts.cfg used
*

(C:\Users\Angel daniel\AppData\Local\Programs\MiKTeX\tex/latex/arabi\bblopts.cf
g
File: bblopts.cfg 2005/09/08 v0.1 add Arabic and Farsi to "declared" options of
 babel
)
(C:\Users\Angel daniel\AppData\Local\Programs\MiKTeX\tex/latex/babel-english\en
glish.ldf
Language: english 2017/06/06 v3.3r English support from the babel system
Package babel Info: Hyphen rules for 'canadian' set to \l@english
(babel)             (\language0). Reported on input line 102.
Package babel Info: Hyphen rules for 'australian' set to \l@ukenglish
(babel)             (\language73). Reported on input line 105.
Package babel Info: Hyphen rules for 'newzealand' set to \l@ukenglish
(babel)             (\language73). Reported on input line 108.
))
(C:\Users\Angel daniel\AppData\Local\Programs\MiKTeX\tex/generic/babel/locale/e
n\babel-english.tex
Package babel Info: Importing font and identification data for english
(babel)             from babel-en.ini. Reported on input line 11.
)
(C:\Users\Angel daniel\AppData\Local\Programs\MiKTeX\tex/latex/graphics\graphic
x.sty
Package: graphicx 2021/09/16 v1.2d Enhanced LaTeX Graphics (DPC,SPQR)

(C:\Users\Angel daniel\AppData\Local\Programs\MiKTeX\tex/latex/graphics\keyval.
sty
Package: keyval 2022/05/29 v1.15 key=value parser (DPC)
\KV@toks@=\toks19
)
(C:\Users\Angel daniel\AppData\Local\Programs\MiKTeX\tex/latex/graphics\graphic
s.sty
Package: graphics 2022/03/10 v1.4e Standard LaTeX Graphics (DPC,SPQR)

(C:\Users\Angel daniel\AppData\Local\Programs\MiKTeX\tex/latex/graphics\trig.st
y
Package: trig 2021/08/11 v1.11 sin cos tan (DPC)
)
(C:\Users\Angel daniel\AppData\Local\Programs\MiKTeX\tex/latex/graphics-cfg\gra
phics.cfg
File: graphics.cfg 2016/06/04 v1.11 sample graphics configuration
)
Package graphics Info: Driver file: pdftex.def on input line 107.

(C:\Users\Angel daniel\AppData\Local\Programs\MiKTeX\tex/latex/graphics-def\pdf
tex.def
File: pdftex.def 2022/09/22 v1.2b Graphics/color driver for pdftex
))
\Gin@req@height=\dimen142
\Gin@req@width=\dimen143
)
(C:\Users\Angel daniel\AppData\Local\Programs\MiKTeX\tex/latex/hyperref\hyperre
f.sty
Package: hyperref 2023-11-26 v7.01g Hypertext links for LaTeX

(C:\Users\Angel daniel\AppData\Local\Programs\MiKTeX\tex/generic/iftex\iftex.st
y
Package: iftex 2022/02/03 v1.0f TeX engine tests
)
(C:\Users\Angel daniel\AppData\Local\Programs\MiKTeX\tex/generic/infwarerr\infw
arerr.sty
Package: infwarerr 2019/12/03 v1.5 Providing info/warning/error messages (HO)
)
(C:\Users\Angel daniel\AppData\Local\Programs\MiKTeX\tex/latex/kvsetkeys\kvsetk
eys.sty
Package: kvsetkeys 2022-10-05 v1.19 Key value parser (HO)
)
(C:\Users\Angel daniel\AppData\Local\Programs\MiKTeX\tex/generic/kvdefinekeys\k
vdefinekeys.sty
Package: kvdefinekeys 2019-12-19 v1.6 Define keys (HO)
)
(C:\Users\Angel daniel\AppData\Local\Programs\MiKTeX\tex/generic/pdfescape\pdfe
scape.sty
Package: pdfescape 2019/12/09 v1.15 Implements pdfTeX's escape features (HO)

(C:\Users\Angel daniel\AppData\Local\Programs\MiKTeX\tex/generic/ltxcmds\ltxcmd
s.sty
Package: ltxcmds 2023-12-04 v1.26 LaTeX kernel commands for general use (HO)
)
(C:\Users\Angel daniel\AppData\Local\Programs\MiKTeX\tex/generic/pdftexcmds\pdf
texcmds.sty
Package: pdftexcmds 2020-06-27 v0.33 Utility functions of pdfTeX for LuaTeX (HO
)
Package pdftexcmds Info: \pdf@primitive is available.
Package pdftexcmds Info: \pdf@ifprimitive is available.
Package pdftexcmds Info: \pdfdraftmode found.
))
(C:\Users\Angel daniel\AppData\Local\Programs\MiKTeX\tex/latex/hycolor\hycolor.
sty
Package: hycolor 2020-01-27 v1.10 Color options for hyperref/bookmark (HO)
)
(C:\Users\Angel daniel\AppData\Local\Programs\MiKTeX\tex/latex/letltxmacro\letl
txmacro.sty
Package: letltxmacro 2019/12/03 v1.6 Let assignment for LaTeX macros (HO)
)
(C:\Users\Angel daniel\AppData\Local\Programs\MiKTeX\tex/latex/auxhook\auxhook.
sty
Package: auxhook 2019-12-17 v1.6 Hooks for auxiliary files (HO)
)
(C:\Users\Angel daniel\AppData\Local\Programs\MiKTeX\tex/latex/hyperref\nameref
.sty
Package: nameref 2023-11-26 v2.56 Cross-referencing by name of section

(C:\Users\Angel daniel\AppData\Local\Programs\MiKTeX\tex/latex/refcount\refcoun
t.sty
Package: refcount 2019/12/15 v3.6 Data extraction from label references (HO)
)
(C:\Users\Angel daniel\AppData\Local\Programs\MiKTeX\tex/generic/gettitlestring
\gettitlestring.sty
Package: gettitlestring 2019/12/15 v1.6 Cleanup title references (HO)

(C:\Users\Angel daniel\AppData\Local\Programs\MiKTeX\tex/latex/kvoptions\kvopti
ons.sty
Package: kvoptions 2022-06-15 v3.15 Key value format for package options (HO)
))
\c@section@level=\count198
)
(C:\Users\Angel daniel\AppData\Local\Programs\MiKTeX\tex/latex/etoolbox\etoolbo
x.sty
Package: etoolbox 2020/10/05 v2.5k e-TeX tools for LaTeX (JAW)
\etb@tempcnta=\count199
)
\@linkdim=\dimen144
\Hy@linkcounter=\count266
\Hy@pagecounter=\count267

(C:\Users\Angel daniel\AppData\Local\Programs\MiKTeX\tex/latex/hyperref\pd1enc.
def
File: pd1enc.def 2023-11-26 v7.01g Hyperref: PDFDocEncoding definition (HO)
Now handling font encoding PD1 ...
... no UTF-8 mapping file for font encoding PD1
)
(C:\Users\Angel daniel\AppData\Local\Programs\MiKTeX\tex/generic/intcalc\intcal
c.sty
Package: intcalc 2019/12/15 v1.3 Expandable calculations with integers (HO)
)
\Hy@SavedSpaceFactor=\count268

(C:\Users\Angel daniel\AppData\Local\Programs\MiKTeX\tex/latex/hyperref\puenc.d
ef
File: puenc.def 2023-11-26 v7.01g Hyperref: PDF Unicode definition (HO)
Now handling font encoding PU ...
... no UTF-8 mapping file for font encoding PU
)
Package hyperref Info: Hyper figures OFF on input line 4181.
Package hyperref Info: Link nesting OFF on input line 4186.
Package hyperref Info: Hyper index ON on input line 4189.
Package hyperref Info: Plain pages OFF on input line 4196.
Package hyperref Info: Backreferencing OFF on input line 4201.
Package hyperref Info: Implicit mode ON; LaTeX internals redefined.
Package hyperref Info: Bookmarks ON on input line 4448.
\c@Hy@tempcnt=\count269
 (C:\Users\Angel daniel\AppData\Local\Programs\MiKTeX\tex/latex/url\url.sty
\Urlmuskip=\muskip16
Package: url 2013/09/16  ver 3.4  Verb mode for urls, etc.
)
LaTeX Info: Redefining \url on input line 4786.
\XeTeXLinkMargin=\dimen145

(C:\Users\Angel daniel\AppData\Local\Programs\MiKTeX\tex/generic/bitset\bitset.
sty
Package: bitset 2019/12/09 v1.3 Handle bit-vector datatype (HO)

(C:\Users\Angel daniel\AppData\Local\Programs\MiKTeX\tex/generic/bigintcalc\big
intcalc.sty
Package: bigintcalc 2019/12/15 v1.5 Expandable calculations on big integers (HO
)
))
\Fld@menulength=\count270
\Field@Width=\dimen146
\Fld@charsize=\dimen147
Package hyperref Info: Hyper figures OFF on input line 6065.
Package hyperref Info: Link nesting OFF on input line 6070.
Package hyperref Info: Hyper index ON on input line 6073.
Package hyperref Info: backreferencing OFF on input line 6080.
Package hyperref Info: Link coloring OFF on input line 6085.
Package hyperref Info: Link coloring with OCG OFF on input line 6090.
Package hyperref Info: PDF/A mode OFF on input line 6095.

(C:\Users\Angel daniel\AppData\Local\Programs\MiKTeX\tex/latex/base\atbegshi-lt
x.sty
Package: atbegshi-ltx 2021/01/10 v1.0c Emulation of the original atbegshi
package with kernel methods
)
\Hy@abspage=\count271
\c@Item=\count272
\c@Hfootnote=\count273
)
Package hyperref Info: Driver (autodetected): hpdftex.

(C:\Users\Angel daniel\AppData\Local\Programs\MiKTeX\tex/latex/hyperref\hpdftex
.def
File: hpdftex.def 2023-11-26 v7.01g Hyperref driver for pdfTeX

(C:\Users\Angel daniel\AppData\Local\Programs\MiKTeX\tex/latex/base\atveryend-l
tx.sty
Package: atveryend-ltx 2020/08/19 v1.0a Emulation of the original atveryend pac
kage
with kernel methods
)
\Fld@listcount=\count274
\c@bookmark@seq@number=\count275

(C:\Users\Angel daniel\AppData\Local\Programs\MiKTeX\tex/latex/rerunfilecheck\r
erunfilecheck.sty
Package: rerunfilecheck 2025-06-21 v1.11 Rerun checks for auxiliary files (HO)

(C:\Users\Angel daniel\AppData\Local\Programs\MiKTeX\tex/generic/uniquecounter\
uniquecounter.sty
Package: uniquecounter 2019/12/15 v1.4 Provide unlimited unique counter (HO)
)
Package uniquecounter Info: New unique counter `rerunfilecheck' on input line 2
84.
)
\Hy@SectionHShift=\skip50
)
(C:\Users\Angel daniel\AppData\Local\Programs\MiKTeX\tex/latex/amsmath\amsmath.
sty
Package: amsmath 2023/05/13 v2.17o AMS math features
\@mathmargin=\skip51

For additional information on amsmath, use the `?' option.

(C:\Users\Angel daniel\AppData\Local\Programs\MiKTeX\tex/latex/amsmath\amstext.
sty
Package: amstext 2021/08/26 v2.01 AMS text

(C:\Users\Angel daniel\AppData\Local\Programs\MiKTeX\tex/latex/amsmath\amsgen.s
ty
File: amsgen.sty 1999/11/30 v2.0 generic functions
\@emptytoks=\toks20
\ex@=\dimen148
))
(C:\Users\Angel daniel\AppData\Local\Programs\MiKTeX\tex/latex/amsmath\amsbsy.s
ty
Package: amsbsy 1999/11/29 v1.2d Bold Symbols
\pmbraise@=\dimen149
)
(C:\Users\Angel daniel\AppData\Local\Programs\MiKTeX\tex/latex/amsmath\amsopn.s
ty
Package: amsopn 2022/04/08 v2.04 operator names
)
\inf@bad=\count276
LaTeX Info: Redefining \frac on input line 234.
\uproot@=\count277
\leftroot@=\count278
LaTeX Info: Redefining \overline on input line 399.
LaTeX Info: Redefining \colon on input line 410.
\classnum@=\count279
\DOTSCASE@=\count280
LaTeX Info: Redefining \ldots on input line 496.
LaTeX Info: Redefining \dots on input line 499.
LaTeX Info: Redefining \cdots on input line 620.
\Mathstrutbox@=\box51
\strutbox@=\box52
LaTeX Info: Redefining \big on input line 722.
LaTeX Info: Redefining \Big on input line 723.
LaTeX Info: Redefining \bigg on input line 724.
LaTeX Info: Redefining \Bigg on input line 725.
\big@size=\dimen150
LaTeX Font Info:    Redeclaring font encoding OML on input line 743.
LaTeX Font Info:    Redeclaring font encoding OMS on input line 744.
\macc@depth=\count281
LaTeX Info: Redefining \bmod on input line 905.
LaTeX Info: Redefining \pmod on input line 910.
LaTeX Info: Redefining \smash on input line 940.
LaTeX Info: Redefining \relbar on input line 970.
LaTeX Info: Redefining \Relbar on input line 971.
\c@MaxMatrixCols=\count282
\dotsspace@=\muskip17
\c@parentequation=\count283
\dspbrk@lvl=\count284
\tag@help=\toks21
\row@=\count285
\column@=\count286
\maxfields@=\count287
\andhelp@=\toks22
\eqnshift@=\dimen151
\alignsep@=\dimen152
\tagshift@=\dimen153
\tagwidth@=\dimen154
\totwidth@=\dimen155
\lineht@=\dimen156
\@envbody=\toks23
\multlinegap=\skip52
\multlinetaggap=\skip53
\mathdisplay@stack=\toks24
LaTeX Info: Redefining \[ on input line 2953.
LaTeX Info: Redefining \] on input line 2954.
)
(C:\Users\Angel daniel\AppData\Local\Programs\MiKTeX\tex/latex/geometry\geometr
y.sty
Package: geometry 2020/01/02 v5.9 Page Geometry

(C:\Users\Angel daniel\AppData\Local\Programs\MiKTeX\tex/generic/iftex\ifvtex.s
ty
Package: ifvtex 2019/10/25 v1.7 ifvtex legacy package. Use iftex instead.
)
\Gm@cnth=\count288
\Gm@cntv=\count289
\c@Gm@tempcnt=\count290
\Gm@bindingoffset=\dimen157
\Gm@wd@mp=\dimen158
\Gm@odd@mp=\dimen159
\Gm@even@mp=\dimen160
\Gm@layoutwidth=\dimen161
\Gm@layoutheight=\dimen162
\Gm@layouthoffset=\dimen163
\Gm@layoutvoffset=\dimen164
\Gm@dimlist=\toks25

(C:\Users\Angel daniel\AppData\Local\Programs\MiKTeX\tex/latex/geometry\geometr
y.cfg))
(C:\Users\Angel daniel\AppData\Local\Programs\MiKTeX\tex/latex/booktabs\booktab
s.sty
Package: booktabs 2020/01/12 v1.61803398 Publication quality tables
\heavyrulewidth=\dimen165
\lightrulewidth=\dimen166
\cmidrulewidth=\dimen167
\belowrulesep=\dimen168
\belowbottomsep=\dimen169
\aboverulesep=\dimen170
\abovetopsep=\dimen171
\cmidrulesep=\dimen172
\cmidrulekern=\dimen173
\defaultaddspace=\dimen174
\@cmidla=\count291
\@cmidlb=\count292
\@aboverulesep=\dimen175
\@belowrulesep=\dimen176
\@thisruleclass=\count293
\@lastruleclass=\count294
\@thisrulewidth=\dimen177
)
(C:\Users\Angel daniel\AppData\Local\Programs\MiKTeX\tex/latex/multirow\multiro
w.sty
Package: multirow 2024/11/12 v2.9 Span multiple rows of a table
\multirow@colwidth=\skip54
\multirow@cntb=\count295
\multirow@dima=\skip55
\bigstrutjot=\dimen178
)
(C:\Users\Angel daniel\AppData\Local\Programs\MiKTeX\tex/latex/tools\longtable.
sty
Package: longtable 2023-11-01 v4.19 Multi-page Table package (DPC)
\LTleft=\skip56
\LTright=\skip57
\LTpre=\skip58
\LTpost=\skip59
\LTchunksize=\count296
\LTcapwidth=\dimen179
\LT@head=\box53
\LT@firsthead=\box54
\LT@foot=\box55
\LT@lastfoot=\box56
\LT@gbox=\box57
\LT@cols=\count297
\LT@rows=\count298
\c@LT@tables=\count299
\c@LT@chunks=\count300
\LT@p@ftn=\toks26
)
(C:\Users\Angel daniel\AppData\Local\Programs\MiKTeX\tex/latex/l3backend\l3back
end-pdftex.def
File: l3backend-pdftex.def 2024-01-04 L3 backend support: PDF output (pdfTeX)
\l__color_backend_stack_int=\count301
\l__pdf_internal_box=\box58
)
No file recommendations.aux.
\openout1 = `recommendations.aux'.

LaTeX Font Info:    Checking defaults for OML/cmm/m/it on input line 22.
LaTeX Font Info:    ... okay on input line 22.
LaTeX Font Info:    Checking defaults for OMS/cmsy/m/n on input line 22.
LaTeX Font Info:    ... okay on input line 22.
LaTeX Font Info:    Checking defaults for OT1/cmr/m/n on input line 22.
LaTeX Font Info:    ... okay on input line 22.
LaTeX Font Info:    Checking defaults for T1/cmr/m/n on input line 22.
LaTeX Font Info:    ... okay on input line 22.
LaTeX Font Info:    Checking defaults for TS1/cmr/m/n on input line 22.
LaTeX Font Info:    ... okay on input line 22.
LaTeX Font Info:    Checking defaults for OMX/cmex/m/n on input line 22.
LaTeX Font Info:    ... okay on input line 22.
LaTeX Font Info:    Checking defaults for U/cmr/m/n on input line 22.
LaTeX Font Info:    ... okay on input line 22.
LaTeX Font Info:    Checking defaults for PD1/pdf/m/n on input line 22.
LaTeX Font Info:    ... okay on input line 22.
LaTeX Font Info:    Checking defaults for PU/pdf/m/n on input line 22.
LaTeX Font Info:    ... okay on input line 22.

(C:\Users\Angel daniel\AppData\Local\Programs\MiKTeX\tex/context/base/mkii\supp
-pdf.mkii
[Loading MPS to PDF converter (version 2006.09.02).]
\scratchcounter=\count302
\scratchdimen=\dimen180
\scratchbox=\box59
\nofMPsegments=\count303
\nofMParguments=\count304
\everyMPshowfont=\toks27
\MPscratchCnt=\count305
\MPscratchDim=\dimen181
\MPnumerator=\count306
\makeMPintoPDFobject=\count307
\everyMPtoPDFconversion=\toks28
)
(C:\Users\Angel daniel\AppData\Local\Programs\MiKTeX\tex/latex/epstopdf-pkg\eps
topdf-base.sty
Package: epstopdf-base 2020-01-24 v2.11 Base part for package epstopdf
Package epstopdf-base Info: Redefining graphics rule for `.eps' on input line 4
85.

(C:\Users\Angel daniel\AppData\Local\Programs\MiKTeX\tex/latex/00miktex\epstopd
f-sys.cfg
File: epstopdf-sys.cfg 2021/03/18 v2.0 Configuration of epstopdf for MiKTeX
))
Package hyperref Info: Link coloring OFF on input line 22.
\@outlinefile=\write3
\openout3 = `recommendations.out'.


*geometry* driver: auto-detecting
*geometry* detected driver: pdftex
*geometry* verbose mode - [ preamble ] result:
* driver: pdftex
* paper: <default>
* layout: <same size as paper>
* layoutoffset:(h,v)=(0.0pt,0.0pt)
* modes: 
* h-part:(L,W,R)=(71.13188pt, 472.03123pt, 71.13188pt)
* v-part:(T,H,B)=(71.13188pt, 652.70622pt, 71.13188pt)
* \paperwidth=614.295pt
* \paperheight=794.96999pt
* \textwidth=472.03123pt
* \textheight=652.70622pt
* \oddsidemargin=-1.1381pt
* \evensidemargin=-1.1381pt
* \topmargin=-38.1381pt
* \headheight=12.0pt
* \headsep=25.0pt
* \topskip=12.0pt
* \footskip=30.0pt
* \marginparwidth=44.0pt
* \marginparsep=10.0pt
* \columnsep=10.0pt
* \skip\footins=10.8pt plus 4.0pt minus 2.0pt
* \hoffset=0.0pt
* \voffset=0.0pt
* \mag=1000
* \@twocolumnfalse
* \@twosidefalse
* \@mparswitchfalse
* \@reversemarginfalse
* (1in=72.27pt=25.4mm, 1cm=28.453pt)

[1

{C:/Users/Angel daniel/AppData/Local/MiKTeX/fonts/map/pdftex/pdftex.map}]
No file recommendations.toc.
\tf@toc=\write4
\openout4 = `recommendations.toc'.


pdfTeX warning (ext4): destination with the same identifier (name{page.1}) has 
been already used, duplicate ignored
<to be read again> 
                   \relax 
l.28 \chapter
             {Executive Overview of Strategic Recommendations} [1

]
Chapter 1.

Overfull \hbox (25.54309pt too wide) in paragraph at lines 51--51
[]|\OT1/cmr/bx/n/12 Complexity| 
 []


Overfull \hbox (16.12369pt too wide) in paragraph at lines 51--51
[]|\OT1/cmr/bx/n/12 Resources| 
 []


Underfull \hbox (badness 10000) in paragraph at lines 51--52
[]|\OT1/cmr/bx/n/12 Priority
 []


Overfull \hbox (25.54309pt too wide) in paragraph at lines 58--58
[]|\OT1/cmr/bx/n/12 Complexity| 
 []


Overfull \hbox (16.12369pt too wide) in paragraph at lines 58--58
[]|\OT1/cmr/bx/n/12 Resources| 
 []


Underfull \hbox (badness 10000) in paragraph at lines 79--79
[]|\OT1/cmr/m/n/12 Influencer Part-ner-
 []

[2

] [3]
Chapter 2.
[4

]
Overfull \hbox (2.76007pt too wide) in alignment at lines 139--144
 [] [] [] [] [] 
 []


Overfull \hbox (2.76007pt too wide) in alignment at lines 144--151
 [] [] [] [] [] 
 []


Overfull \hbox (2.76007pt too wide) in alignment at lines 151--155
 [] [] [] [] [] 
 []


Overfull \hbox (2.76007pt too wide) in alignment at lines 155--158
 [] [] [] [] [] 
 []


Underfull \hbox (badness 10000) in paragraph at lines 160--160
[]|\OT1/cmr/m/n/12 Part-time
 []


Underfull \hbox (badness 10000) in paragraph at lines 160--160
\OT1/cmr/m/n/12 con-sul-tant,
 []


Underfull \hbox (badness 1394) in paragraph at lines 160--160
\OT1/cmr/m/n/12 sen-tial for suc-cess-ful
 []


Underfull \hbox (badness 10000) in paragraph at lines 161--161
[]|\OT1/cmr/m/n/12 Mobile gim-
 []


Underfull \hbox (badness 1603) in paragraph at lines 161--161
\OT1/cmr/m/n/12 bal, light-ing,
 []


Underfull \hbox (badness 10000) in paragraph at lines 161--161
[]|\OT1/cmr/m/n/12 Professional-quality
 []


Underfull \hbox (badness 5878) in paragraph at lines 161--161
\OT1/cmr/m/n/12 mo-bile con-tent cre-
 []


Underfull \hbox (badness 1701) in paragraph at lines 162--162
[]|\OT1/cmr/m/n/12 CapCut Pro,
 []


Underfull \hbox (badness 10000) in paragraph at lines 162--162
[]|\OT1/cmr/m/n/12 Platform-optimized
 []


Underfull \hbox (badness 10000) in paragraph at lines 163--163
[]|\OT1/cmr/m/n/12 Content Cre-ator
 []


Underfull \hbox (badness 5578) in paragraph at lines 163--163
[]|\OT1/cmr/m/n/12 Student am-
 []


Underfull \hbox (badness 10000) in paragraph at lines 163--163
[]|\OT1/cmr/m/n/12 Authentic student-
 []


Underfull \hbox (badness 3396) in paragraph at lines 164--164
[]|\OT1/cmr/m/n/12 Promote top
 []


Underfull \hbox (badness 10000) in paragraph at lines 164--164
[]|\OT1/cmr/m/n/12 Accelerate ini-tial
 []


Underfull \hbox (badness 10000) in paragraph at lines 166--166
[]|\OT1/cmr/m/n/12 TikTok
 []


Underfull \hbox (badness 10000) in paragraph at lines 166--166
\OT1/cmr/m/n/12 an-a-lyt-ics
 []


Underfull \hbox (badness 10000) in paragraph at lines 167--167
[]|\OT1/cmr/m/n/12 Professional
 []


Overfull \hbox (2.76007pt too wide) in alignment at lines 158--170
 [] [] [] [] [] 
 []

[5] [6]
Underfull \hbox (badness 1199) in paragraph at lines 244--244
[]|\OT1/cmr/m/n/12 Professional Video Equip-
 []


Underfull \hbox (badness 1142) in paragraph at lines 245--246
[]|\OT1/cmr/m/n/12 High-performance com-puter for
 []


Underfull \hbox (badness 1325) in paragraph at lines 245--246
\OT1/cmr/m/n/12 video edit-ing with pro-fes-sional
 []


Underfull \hbox (badness 1184) in paragraph at lines 250--251
[]|\OT1/cmr/m/n/12 Music li-cens-ing, stock footage,
 []

[7] [8]
Underfull \hbox (badness 10000) in paragraph at lines 318--318
[]|\OT1/cmr/bx/n/12 Annual
 []


Underfull \hbox (badness 10000) in paragraph at lines 325--325
[]|\OT1/cmr/bx/n/12 Annual
 []


Underfull \hbox (badness 3354) in paragraph at lines 336--336
[]|\OT1/cmr/m/n/12 Video Con-tent Spe-
 []


Underfull \hbox (badness 10000) in paragraph at lines 336--337
[]|\OT1/cmr/m/n/12 TikTok/Reels pro-duc-tion,
 []


Underfull \hbox (badness 3919) in paragraph at lines 336--337
\OT1/cmr/m/n/12 edit-ing, trend-ing con-tent
 []


Underfull \hbox (badness 10000) in paragraph at lines 339--340
[]|\OT1/cmr/m/n/12 Visual con-tent, mo-tion
 []


Underfull \hbox (badness 2197) in paragraph at lines 342--342
[]|\OT1/cmr/bx/n/12 6-Month Phase 1
 []


Underfull \hbox (badness 10000) in paragraph at lines 346--347
[]|\OT1/cmr/m/n/12 Computers, soft-ware,
 []


Underfull \hbox (badness 10000) in paragraph at lines 347--348
[]|\OT1/cmr/m/n/12 Professional de-vel-op-ment,
 []

[9]
Underfull \hbox (badness 6641) in paragraph at lines 392--392
[]|\OT1/cmr/m/n/12 Social An-a-lyt-ics Plat-
 []

[10]
Underfull \hbox (badness 10000) in paragraph at lines 421--421
[]|\OT1/cmr/bx/n/12 6-Month In-
 []


Underfull \hbox (badness 10000) in paragraph at lines 421--422
[]|\OT1/cmr/bx/n/12 Key Suc-cess
 []


Underfull \hbox (badness 5064) in paragraph at lines 428--429
[]|\OT1/cmr/bx/n/12 Success Met-
 []


Underfull \hbox (badness 6047) in paragraph at lines 439--440
[]|\OT1/cmr/m/n/12 8K-12K fol-low-
 []


Underfull \hbox (badness 10000) in paragraph at lines 440--441
[]|\OT1/cmr/m/n/12 60-80 videos,
 []


Underfull \hbox (badness 10000) in paragraph at lines 440--441
\OT1/cmr/m/n/12 1.8-2.2% Reels
 []


Underfull \hbox (badness 10000) in paragraph at lines 441--442
\OT1/cmr/m/n/12 40% re-sponse
 []


Underfull \hbox (badness 1466) in paragraph at lines 444--444
[]|\OT1/cmr/bx/n/12 Total Phase 1 In-vest-
 []

[11] [12]
Chapter 3.
[13

]
Underfull \hbox (badness 4441) in paragraph at lines 528--529
[]|\OT1/cmr/m/n/12 Training ma-te-ri-als, equip-ment
 []


Underfull \hbox (badness 1221) in paragraph at lines 529--530
[]|\OT1/cmr/m/n/12 Paid pro-mo-tion of UGC cam-
 []

[14]
Underfull \hbox (badness 10000) in paragraph at lines 600--601
[]|\OT1/cmr/m/n/12 Professional light-ing, au-dio
 []


Underfull \hbox (badness 10000) in paragraph at lines 603--604
[]|\OT1/cmr/m/n/12 Professional photo equip-ment
 []

[15]
Underfull \hbox (badness 10000) in paragraph at lines 630--630
[]|\OT1/cmr/bx/n/12 6-Month In-
 []


Underfull \hbox (badness 10000) in paragraph at lines 648--649
[]|\OT1/cmr/m/n/12 35-40% UGC
 []


Underfull \hbox (badness 10000) in paragraph at lines 648--649
\OT1/cmr/m/n/12 con-tent, 50+
 []


Underfull \hbox (badness 10000) in paragraph at lines 649--649
[]|\OT1/cmr/m/n/12 Content Se-ries De-vel-op-
 []


Underfull \hbox (badness 2547) in paragraph at lines 649--650
[]|\OT1/cmr/m/n/12 5 re-cur-ring se-
 []


Underfull \hbox (badness 10000) in paragraph at lines 649--650
\OT1/cmr/m/n/12 ries, 2.5-2.8%
 []


Underfull \hbox (badness 10000) in paragraph at lines 650--650
[]|\OT1/cmr/m/n/12 Production Qual-ity En-
 []


Underfull \hbox (badness 10000) in paragraph at lines 650--651
[]|\OT1/cmr/m/n/12 8.0+ qual-ity
 []


Underfull \hbox (badness 10000) in paragraph at lines 650--651
\OT1/cmr/m/n/12 scores, 70%
 []


Underfull \hbox (badness 10000) in paragraph at lines 651--652
[]|\OT1/cmr/m/n/12 60% re-sponse
 []


Underfull \hbox (badness 7415) in paragraph at lines 651--652
\OT1/cmr/m/n/12 rate, en-hanced
 []


Underfull \hbox (badness 10000) in paragraph at lines 652--653
[]|\OT1/cmr/m/n/12 Salaries, sub-
 []


Underfull \hbox (badness 10000) in paragraph at lines 652--653
\OT1/cmr/m/n/12 scrip-tions,
 []


Underfull \hbox (badness 1466) in paragraph at lines 654--654
[]|\OT1/cmr/bx/n/12 Total Phase 2 In-vest-
 []

[16] [17]
Chapter 4.
[18

]
Underfull \hbox (badness 10000) in paragraph at lines 716--716
[]|\OT1/cmr/bx/n/12 Monthly
 []


Underfull \hbox (badness 1910) in paragraph at lines 734--735
[]|\OT1/cmr/m/n/12 Follower growth, Reels
 []


Underfull \hbox (badness 2435) in paragraph at lines 736--737
[]|\OT1/cmr/m/n/12 Parent au-di-ence reach,
 []


Underfull \hbox (badness 10000) in paragraph at lines 737--738
[]|\OT1/cmr/m/n/12 Thought lead-er-ship,
 []


Underfull \hbox (badness 10000) in paragraph at lines 737--738
\OT1/cmr/m/n/12 grad-u-ate pro-grams,
 []


Underfull \hbox (badness 10000) in paragraph at lines 738--739
[]|\OT1/cmr/m/n/12 Video dis-cov-ery, sub-
 []

[19]
Overfull \hbox (11.45282pt too wide) in paragraph at lines 760--761
[]\OT1/cmr/m/n/12 Identify 20-25 rel-e-vant micro-influencers (10K-100K fol-low
-ers) in ed-u-ca-tion, NYC lifestyle,
 []


Underfull \hbox (badness 10000) in paragraph at lines 790--790
[]|\OT1/cmr/bx/n/12 6-Month In-
 []


Underfull \hbox (badness 10000) in paragraph at lines 808--809
[]|\OT1/cmr/m/n/12 4 posts/week,
 []


Underfull \hbox (badness 10000) in paragraph at lines 808--809
\OT1/cmr/m/n/12 2.8% en-gage-
 []


Underfull \hbox (badness 3668) in paragraph at lines 809--810
[]|\OT1/cmr/m/n/12 5K sub-scribers,
 []


Underfull \hbox (badness 10000) in paragraph at lines 810--811
[]|\OT1/cmr/m/n/12 30-40% growth
 []


Underfull \hbox (badness 10000) in paragraph at lines 811--812
[]|\OT1/cmr/m/n/12 12-15 part-ner-
 []


Underfull \hbox (badness 2285) in paragraph at lines 812--813
[]|\OT1/cmr/m/n/12 Predictive op-ti-
 []


Underfull \hbox (badness 1762) in paragraph at lines 812--813
\OT1/cmr/m/n/12 miza-tion, trend
 []


Underfull \hbox (badness 10000) in paragraph at lines 813--814
[]|\OT1/cmr/m/n/12 Team, tools,
 []


Underfull \hbox (badness 1466) in paragraph at lines 815--815
[]|\OT1/cmr/bx/n/12 Total Phase 3 In-vest-
 []

[20] [21]
Chapter 5.

Overfull \hbox (8.51672pt too wide) in paragraph at lines 837--837
[]|\OT1/cmr/bx/n/12 Investment| 
 []


Overfull \hbox (10.94171pt too wide) in paragraph at lines 837--837
[]|\OT1/cmr/bx/n/12 Cumulative
 []


Overfull \hbox (8.51672pt too wide) in paragraph at lines 844--844
[]|\OT1/cmr/bx/n/12 Investment| 
 []


Underfull \hbox (badness 1314) in paragraph at lines 856--856
[]|\OT1/cmr/m/n/12 Months 7-
 []


Underfull \hbox (badness 10000) in paragraph at lines 859--859
[]|\OT1/cmr/bx/n/12 18
 []

[22

]
Chapter 6.

Underfull \hbox (badness 10000) in paragraph at lines 871--871
[]|\OT1/cmr/bx/n/12 6-Mo
 []


Underfull \hbox (badness 10000) in paragraph at lines 871--871
[]|\OT1/cmr/bx/n/12 12-Mo
 []


Underfull \hbox (badness 10000) in paragraph at lines 871--871
[]|\OT1/cmr/bx/n/12 18-Mo
 []


Overfull \hbox (9.92784pt too wide) in paragraph at lines 871--872
[]|\OT1/cmr/bx/n/12 Benchmark| 
 []


Overfull \hbox (0.53368pt too wide) in alignment at lines 868--873
 [] [] [] [] [] [] 
 []


Overfull \hbox (9.92784pt too wide) in paragraph at lines 878--879
[]|\OT1/cmr/bx/n/12 Benchmark| 
 []


Overfull \hbox (0.53368pt too wide) in alignment at lines 873--880
 [] [] [] [] [] [] 
 []


Overfull \hbox (0.53368pt too wide) in alignment at lines 880--884
 [] [] [] [] [] [] 
 []


Overfull \hbox (0.53368pt too wide) in alignment at lines 884--887
 [] [] [] [] [] [] 
 []


Overfull \hbox (0.53368pt too wide) in alignment at lines 887--897
 [] [] [] [] [] [] 
 []


Underfull \hbox (badness 1365) in paragraph at lines 930--930
[]|\OT1/cmr/m/n/12 Application In-quiries (So-
 []

[23

] [24]
Chapter 7.

Overfull \hbox (18.8417pt too wide) in paragraph at lines 973--973
[]|\OT1/cmr/bx/n/12 Likelihood| 
 []


Overfull \hbox (18.8417pt too wide) in paragraph at lines 980--980
[]|\OT1/cmr/bx/n/12 Likelihood| 
 []


Underfull \hbox (badness 10000) in paragraph at lines 991--991
[]|\OT1/cmr/m/n/12 Resource Con-
 []


Underfull \hbox (badness 1502) in paragraph at lines 991--992
[]|\OT1/cmr/m/n/12 Phased im-ple-men-ta-tion, pri-or-i-
 []


Underfull \hbox (badness 10000) in paragraph at lines 993--993
[]|\OT1/cmr/m/n/12 Platform Al-go-
 []


Underfull \hbox (badness 4608) in paragraph at lines 993--994
[]|\OT1/cmr/m/n/12 Diversify plat-forms, fo-cus on
 []


Underfull \hbox (badness 10000) in paragraph at lines 994--994
[]|\OT1/cmr/m/n/12 Content Con-sis-
 []


Underfull \hbox (badness 3758) in paragraph at lines 995--996
[]|\OT1/cmr/m/n/12 Pilot new ap-proaches, gather
 []


Underfull \hbox (badness 7851) in paragraph at lines 995--996
\OT1/cmr/m/n/12 stake-holder feed-back, grad-ual
 []


Underfull \hbox (badness 10000) in paragraph at lines 996--996
[]|\OT1/cmr/m/n/12 Competitive Re-
 []


Underfull \hbox (badness 1968) in paragraph at lines 998--998
[]|\OT1/cmr/m/n/12 Stakeholder Re-sis-
 []


Underfull \hbox (badness 1931) in paragraph at lines 998--999
[]|\OT1/cmr/m/n/12 Build ev-i-dence through pi-lots,
 []


Underfull \hbox (badness 10000) in paragraph at lines 999--999
[]|\OT1/cmr/m/n/12 Technology Fail-
 []


Underfull \hbox (badness 10000) in paragraph at lines 999--1000
[]|\OT1/cmr/m/n/12 Redundant sys-tems, backup
 []


Underfull \hbox (badness 10000) in paragraph at lines 1000--1000
[]|\OT1/cmr/m/n/12 Negative Vi-ral
 []

[25

] [26]
Chapter 8.
[27

] [28] (recommendations.aux)
 ***********
LaTeX2e <2023-11-01> patch level 1
L3 programming layer <2024-01-04>
 ***********


Package rerunfilecheck Warning: File `recommendations.out' has changed.
(rerunfilecheck)                Rerun to get outlines right
(rerunfilecheck)                or use package `bookmark'.

Package rerunfilecheck Info: Checksums for `recommendations.out':
(rerunfilecheck)             Before: <no file>
(rerunfilecheck)             After:  4D0CBEF9930DDB9E1A91B18343652563;8079.
 ) 
Here is how much of TeX's memory you used:
 10950 strings out of 474486
 174548 string characters out of 5740415
 1946542 words of memory out of 5000000
 33012 multiletter control sequences out of 15000+600000
 562881 words of font info for 52 fonts, out of 8000000 for 9000
 1141 hyphenation exceptions out of 8191
 75i,6n,79p,431b,605s stack positions out of 10000i,1000n,20000p,200000b,200000s
 <C:\Users\Angel daniel\AppData\Local\MiKTeX\fonts/pk/ljfour/jknappen/ec/dpi6
00\tcbx1200.pk> <C:\Users\Angel daniel\AppData\Local\MiKTeX\fonts/pk/ljfour/jkn
appen/ec/dpi600\tcrm1200.pk><C:/Users/Angel daniel/AppData/Local/Programs/MiKTe
X/fonts/type1/public/amsfonts/cm/cmbx12.pfb><C:/Users/Angel daniel/AppData/Loca
l/Programs/MiKTeX/fonts/type1/public/amsfonts/cm/cmr12.pfb><C:/Users/Angel dani
el/AppData/Local/Programs/MiKTeX/fonts/type1/public/amsfonts/cm/cmti12.pfb>
Output written on recommendations.pdf (29 pages, 126267 bytes).
PDF statistics:
 250 PDF objects out of 1000 (max. 8388607)
 104 named destinations out of 1000 (max. 500000)
 1 words of extra memory for PDF output out of 10000 (max. 10000000)

